2025-11-28 00:32:23 [HikariPool-1:housekeeper] WARN  com.zaxxer.hikari.pool.HikariPool - HikariPool-1 - Thread starvation or clock leap detected (housekeeper delta=49m341ms).
2025-11-28 01:21:01 [HikariPool-1:housekeeper] WARN  com.zaxxer.hikari.pool.HikariPool - HikariPool-1 - Thread starvation or clock leap detected (housekeeper delta=48m7s874ms).
2025-11-28 03:01:23 [HikariPool-1:housekeeper] WARN  com.zaxxer.hikari.pool.HikariPool - HikariPool-1 - Thread starvation or clock leap detected (housekeeper delta=1h40m21s829ms).
2025-11-28 04:27:07 [HikariPool-1:housekeeper] WARN  com.zaxxer.hikari.pool.HikariPool - HikariPool-1 - Thread starvation or clock leap detected (housekeeper delta=1h25m43s521ms).
2025-11-28 05:16:09 [HikariPool-1:housekeeper] WARN  com.zaxxer.hikari.pool.HikariPool - HikariPool-1 - Thread starvation or clock leap detected (housekeeper delta=48m32s638ms).
2025-11-28 06:28:13 [HikariPool-1:housekeeper] WARN  com.zaxxer.hikari.pool.HikariPool - HikariPool-1 - Thread starvation or clock leap detected (housekeeper delta=1h12m3s977ms).
2025-11-28 07:17:28 [HikariPool-1:housekeeper] WARN  com.zaxxer.hikari.pool.HikariPool - HikariPool-1 - Thread starvation or clock leap detected (housekeeper delta=48m45s73ms).
2025-11-28 07:29:29 [HikariPool-1:housekeeper] WARN  com.zaxxer.hikari.pool.HikariPool - HikariPool-1 - Thread starvation or clock leap detected (housekeeper delta=11m30s438ms).
2025-11-28 08:02:12 [HikariPool-1:housekeeper] WARN  com.zaxxer.hikari.pool.HikariPool - HikariPool-1 - Thread starvation or clock leap detected (housekeeper delta=32m43s244ms).
2025-11-28 08:30:27 [HikariPool-1:housekeeper] WARN  com.zaxxer.hikari.pool.HikariPool - HikariPool-1 - Thread starvation or clock leap detected (housekeeper delta=28m14s643ms).
2025-11-28 08:41:38 [HikariPool-1:housekeeper] WARN  com.zaxxer.hikari.pool.HikariPool - HikariPool-1 - Thread starvation or clock leap detected (housekeeper delta=11m11s196ms).
2025-11-28 08:43:16 [HikariPool-1:housekeeper] WARN  com.zaxxer.hikari.pool.HikariPool - HikariPool-1 - Thread starvation or clock leap detected (housekeeper delta=1m8s551ms).
2025-11-28 08:59:28 [HikariPool-1:housekeeper] WARN  com.zaxxer.hikari.pool.HikariPool - HikariPool-1 - Thread starvation or clock leap detected (housekeeper delta=16m11s544ms).
2025-11-28 09:19:34 [HikariPool-1:housekeeper] WARN  com.zaxxer.hikari.pool.HikariPool - HikariPool-1 - Thread starvation or clock leap detected (housekeeper delta=19m36s168ms).
2025-11-28 09:31:31 [HikariPool-1:housekeeper] WARN  com.zaxxer.hikari.pool.HikariPool - HikariPool-1 - Thread starvation or clock leap detected (housekeeper delta=11m27s193ms).
2025-11-28 10:20:39 [HikariPool-1:housekeeper] WARN  com.zaxxer.hikari.pool.HikariPool - HikariPool-1 - Thread starvation or clock leap detected (housekeeper delta=49m7s774ms).
2025-11-28 10:32:29 [HikariPool-1:housekeeper] WARN  com.zaxxer.hikari.pool.HikariPool - HikariPool-1 - Thread starvation or clock leap detected (housekeeper delta=11m49s864ms).
2025-11-28 10:33:45 [HikariPool-1:housekeeper] WARN  com.zaxxer.hikari.pool.HikariPool - HikariPool-1 - Thread starvation or clock leap detected (housekeeper delta=1m16s12ms).
2025-11-28 10:34:14 [HikariPool-1:housekeeper] WARN  com.zaxxer.hikari.pool.HikariPool - HikariPool-1 - Retrograde clock change detected (housekeeper delta=29s281ms), soft-evicting connections from pool.
2025-11-28 10:35:21 [HikariPool-1:housekeeper] WARN  com.zaxxer.hikari.pool.HikariPool - HikariPool-1 - Thread starvation or clock leap detected (housekeeper delta=1m6s213ms).
2025-11-28 10:43:29 [http-nio-8080-exec-10] ERROR o.s.d.IncorrectResultSizeDataAccessException - org.springframework.dao.IncorrectResultSizeDataAccessException in eduhk.fhr.web.service.ParameterService.getSsoLogoutUrl(ParameterService.java:22): Incorrect result size: expected 1, actual 2
		at java.base/jdk.internal.reflect.DirectMethodHandleAccessor.invoke(DirectMethodHandleAccessor.java:103)
		Userstamp: 
2025-11-28 10:43:30 [http-nio-8080-exec-6] WARN  o.s.web.servlet.PageNotFound - No mapping for GET /.well-known/appspecific/com.chrome.devtools.json
2025-11-28 10:43:30 [http-nio-8080-exec-6] WARN  o.s.web.servlet.PageNotFound - No endpoint GET /.well-known/appspecific/com.chrome.devtools.json.
2025-11-28 10:43:30 [http-nio-8080-exec-6] ERROR o.s.d.IncorrectResultSizeDataAccessException - org.springframework.dao.IncorrectResultSizeDataAccessException in eduhk.fhr.web.service.ParameterService.getSsoLogoutUrl(ParameterService.java:22): Incorrect result size: expected 1, actual 2
		at java.base/jdk.internal.reflect.DirectMethodHandleAccessor.invoke(DirectMethodHandleAccessor.java:103)
		Userstamp: 
2025-11-28 10:43:30 [http-nio-8080-exec-1] ERROR o.s.d.IncorrectResultSizeDataAccessException - org.springframework.dao.IncorrectResultSizeDataAccessException in eduhk.fhr.web.service.ParameterService.getSsoLogoutUrl(ParameterService.java:22): Incorrect result size: expected 1, actual 2
		at java.base/jdk.internal.reflect.DirectMethodHandleAccessor.invoke(DirectMethodHandleAccessor.java:103)
		Userstamp: 
2025-11-28 10:43:30 [http-nio-8080-exec-8] ERROR o.s.d.IncorrectResultSizeDataAccessException - org.springframework.dao.IncorrectResultSizeDataAccessException in eduhk.fhr.web.service.ParameterService.getSsoLogoutUrl(ParameterService.java:22): Incorrect result size: expected 1, actual 2
		at java.base/jdk.internal.reflect.DirectMethodHandleAccessor.invoke(DirectMethodHandleAccessor.java:103)
		Userstamp: 
2025-11-28 10:43:30 [http-nio-8080-exec-10] WARN  o.s.web.servlet.PageNotFound - No mapping for GET /sm/88e48650a36caa41dd1aa0f1a5ee66247818a496500de85dec44b4e2e87cd438.map
2025-11-28 10:43:30 [http-nio-8080-exec-10] WARN  o.s.web.servlet.PageNotFound - No endpoint GET /sm/88e48650a36caa41dd1aa0f1a5ee66247818a496500de85dec44b4e2e87cd438.map.
2025-11-28 10:43:30 [http-nio-8080-exec-10] ERROR o.s.d.IncorrectResultSizeDataAccessException - org.springframework.dao.IncorrectResultSizeDataAccessException in eduhk.fhr.web.service.ParameterService.getSsoLogoutUrl(ParameterService.java:22): Incorrect result size: expected 1, actual 2
		at java.base/jdk.internal.reflect.DirectMethodHandleAccessor.invoke(DirectMethodHandleAccessor.java:103)
		Userstamp: 
2025-11-28 10:43:30 [http-nio-8080-exec-3] ERROR o.s.d.IncorrectResultSizeDataAccessException - org.springframework.dao.IncorrectResultSizeDataAccessException in eduhk.fhr.web.service.ParameterService.getSsoLogoutUrl(ParameterService.java:22): Incorrect result size: expected 1, actual 2
		at java.base/jdk.internal.reflect.DirectMethodHandleAccessor.invoke(DirectMethodHandleAccessor.java:103)
		Userstamp: 
2025-11-28 10:43:30 [http-nio-8080-exec-5] ERROR o.s.d.IncorrectResultSizeDataAccessException - org.springframework.dao.IncorrectResultSizeDataAccessException in eduhk.fhr.web.service.ParameterService.getSsoLogoutUrl(ParameterService.java:22): Incorrect result size: expected 1, actual 2
		at java.base/jdk.internal.reflect.DirectMethodHandleAccessor.invoke(DirectMethodHandleAccessor.java:103)
		Userstamp: 
2025-11-28 14:40:02 [restartedMain] INFO  eduhk.fhr.web.config.fhrApplication - Starting fhrApplication using Java 21.0.9 with PID 58668 (/Users/praveen/Documents/projects/eduhk_rdps/target/classes started by praveen in /Users/praveen/Documents/projects/eduhk_rdps)
2025-11-28 14:40:02 [restartedMain] INFO  eduhk.fhr.web.config.fhrApplication - The following 1 profile is active: "local"
2025-11-28 14:40:02 [restartedMain] INFO  o.s.b.d.restart.ChangeableUrls - The Class-Path manifest attribute in /Users/praveen/.m2/repository/com/oracle/database/jdbc/ojdbc11/23.9.0.25.07/ojdbc11-23.9.0.25.07.jar referenced one or more files that do not exist: file:/Users/praveen/.m2/repository/com/oracle/database/jdbc/ojdbc11/23.9.0.25.07/oraclepki.jar
2025-11-28 14:40:02 [restartedMain] INFO  o.s.b.d.restart.ChangeableUrls - The Class-Path manifest attribute in /Users/praveen/.m2/repository/com/sun/xml/ws/jaxws-rt/4.0.0/jaxws-rt-4.0.0.jar referenced one or more files that do not exist: file:/Users/praveen/.m2/repository/com/sun/xml/ws/jaxws-rt/4.0.0/jakarta.annotation-api.jar,file:/Users/praveen/.m2/repository/com/sun/xml/ws/jaxws-rt/4.0.0/jakarta.activation-api.jar,file:/Users/praveen/.m2/repository/com/sun/xml/ws/jaxws-rt/4.0.0/jakarta.mail-api.jar,file:/Users/praveen/.m2/repository/com/sun/xml/ws/jaxws-rt/4.0.0/jakarta.xml.bind-api.jar,file:/Users/praveen/.m2/repository/com/sun/xml/ws/jaxws-rt/4.0.0/jakarta.xml.ws-api.jar,file:/Users/praveen/.m2/repository/com/sun/xml/ws/jaxws-rt/4.0.0/jakarta.xml.soap-api.jar,file:/Users/praveen/.m2/repository/com/sun/xml/ws/jaxws-rt/4.0.0/angus-activation.jar,file:/Users/praveen/.m2/repository/com/sun/xml/ws/jaxws-rt/4.0.0/angus-mail.jar,file:/Users/praveen/.m2/repository/com/sun/xml/ws/jaxws-rt/4.0.0/FastInfoset.jar,file:/Users/praveen/.m2/repository/com/sun/xml/ws/jaxws-rt/4.0.0/gmbal-api-only.jar,file:/Users/praveen/.m2/repository/com/sun/xml/ws/jaxws-rt/4.0.0/ha-api.jar,file:/Users/praveen/.m2/repository/com/sun/xml/ws/jaxws-rt/4.0.0/jaxb-core.jar,file:/Users/praveen/.m2/repository/com/sun/xml/ws/jaxws-rt/4.0.0/jaxb-impl.jar,file:/Users/praveen/.m2/repository/com/sun/xml/ws/jaxws-rt/4.0.0/management-api.jar,file:/Users/praveen/.m2/repository/com/sun/xml/ws/jaxws-rt/4.0.0/mimepull.jar,file:/Users/praveen/.m2/repository/com/sun/xml/ws/jaxws-rt/4.0.0/saaj-impl.jar,file:/Users/praveen/.m2/repository/com/sun/xml/ws/jaxws-rt/4.0.0/stax-ex.jar,file:/Users/praveen/.m2/repository/com/sun/xml/ws/jaxws-rt/4.0.0/stax2-api.jar,file:/Users/praveen/.m2/repository/com/sun/xml/ws/jaxws-rt/4.0.0/streambuffer.jar,file:/Users/praveen/.m2/repository/com/sun/xml/ws/jaxws-rt/4.0.0/woodstox-core.jar
2025-11-28 14:40:02 [restartedMain] INFO  o.s.b.d.restart.ChangeableUrls - The Class-Path manifest attribute in /Users/praveen/.m2/repository/org/glassfish/ha/ha-api/3.1.13/ha-api-3.1.13.jar referenced one or more files that do not exist: file:/Users/praveen/.m2/repository/org/glassfish/ha/ha-api/3.1.13/hk2.jar,file:/Users/praveen/.m2/repository/org/glassfish/ha/ha-api/3.1.13/hk2-core.jar,file:/Users/praveen/.m2/repository/org/glassfish/ha/ha-api/3.1.13/class-model.jar,file:/Users/praveen/.m2/repository/org/glassfish/ha/ha-api/3.1.13/config-api.jar,file:/Users/praveen/.m2/repository/org/glassfish/ha/ha-api/3.1.13/tiger-types.jar,file:/Users/praveen/.m2/repository/org/glassfish/ha/ha-api/3.1.13/bean-validator.jar,file:/Users/praveen/.m2/repository/org/glassfish/ha/ha-api/3.1.13/jtype.jar,file:/Users/praveen/.m2/repository/org/glassfish/ha/ha-api/3.1.13/auto-depends.jar,file:/Users/praveen/.m2/repository/org/glassfish/ha/ha-api/3.1.13/jakarta.inject-api.jar,file:/Users/praveen/.m2/repository/org/glassfish/ha/ha-api/3.1.13/asm-all-repackaged.jar,file:/Users/praveen/.m2/repository/org/glassfish/ha/ha-api/3.1.13/hk2-api.jar,file:/Users/praveen/.m2/repository/org/glassfish/ha/ha-api/3.1.13/osgi-resource-locator.jar
2025-11-28 14:40:02 [restartedMain] INFO  o.s.b.d.restart.ChangeableUrls - The Class-Path manifest attribute in /Users/praveen/.m2/repository/com/sun/xml/bind/jaxb-impl/4.0.0/jaxb-impl-4.0.0.jar referenced one or more files that do not exist: file:/Users/praveen/.m2/repository/com/sun/xml/bind/jaxb-impl/4.0.0/jaxb-core.jar,file:/Users/praveen/.m2/repository/com/sun/xml/bind/jaxb-impl/4.0.0/angus-activation.jar
2025-11-28 14:40:02 [restartedMain] INFO  o.s.b.d.restart.ChangeableUrls - The Class-Path manifest attribute in /Users/praveen/.m2/repository/com/sun/xml/bind/jaxb-core/4.0.6/jaxb-core-4.0.6.jar referenced one or more files that do not exist: file:/Users/praveen/.m2/repository/com/sun/xml/bind/jaxb-core/4.0.6/jakarta.activation-api.jar,file:/Users/praveen/.m2/repository/com/sun/xml/bind/jaxb-core/4.0.6/jakarta.xml.bind-api.jar
2025-11-28 14:40:02 [restartedMain] INFO  o.s.b.d.e.DevToolsPropertyDefaultsPostProcessor - Devtools property defaults active! Set 'spring.devtools.add-properties' to 'false' to disable
2025-11-28 14:40:02 [restartedMain] INFO  o.s.b.d.e.DevToolsPropertyDefaultsPostProcessor - For additional web related logging consider setting the 'logging.level.web' property to 'DEBUG'
2025-11-28 14:40:02 [restartedMain] INFO  o.s.b.f.s.DefaultListableBeanFactory - Overriding bean definition for bean 'localeResolver' with a different definition: replacing [Root bean: class=null; scope=; abstract=false; lazyInit=null; autowireMode=3; dependencyCheck=0; autowireCandidate=true; primary=false; fallback=false; factoryBeanName=org.springframework.web.servlet.config.annotation.DelegatingWebMvcConfiguration; factoryMethodName=localeResolver; initMethodNames=null; destroyMethodNames=[(inferred)]; defined in class path resource [org/springframework/web/servlet/config/annotation/DelegatingWebMvcConfiguration.class]] with [Root bean: class=null; scope=; abstract=false; lazyInit=null; autowireMode=3; dependencyCheck=0; autowireCandidate=true; primary=false; fallback=false; factoryBeanName=appConfig; factoryMethodName=localeResolver; initMethodNames=null; destroyMethodNames=[(inferred)]; defined in class path resource [eduhk/fhr/web/config/AppConfig.class]]
2025-11-28 14:40:02 [restartedMain] INFO  o.s.boot.tomcat.TomcatWebServer - Tomcat initialized with port 8080 (http)
2025-11-28 14:40:02 [restartedMain] INFO  o.a.coyote.http11.Http11NioProtocol - Initializing ProtocolHandler ["http-nio-8080"]
2025-11-28 14:40:02 [restartedMain] INFO  o.a.catalina.core.StandardService - Starting service [Tomcat]
2025-11-28 14:40:02 [restartedMain] INFO  o.a.catalina.core.StandardEngine - Starting Servlet engine: [Apache Tomcat/11.0.14]
2025-11-28 14:40:02 [restartedMain] INFO  o.s.b.w.c.s.WebApplicationContextInitializer - Root WebApplicationContext: initialization completed in 576 ms
2025-11-28 14:40:02 [restartedMain] INFO  com.zaxxer.hikari.HikariDataSource - HikariPool-1 - Starting...
2025-11-28 14:40:02 [restartedMain] WARN  c.z.hikari.util.DriverDataSource - Registered driver with driverClassName=oracle.jdbc.driver.OracleDriver was not found, trying direct instantiation.
2025-11-28 14:40:03 [restartedMain] INFO  com.zaxxer.hikari.pool.HikariPool - HikariPool-1 - Added connection oracle.jdbc.driver.T4CConnection@2752bfae
2025-11-28 14:40:03 [restartedMain] INFO  com.zaxxer.hikari.HikariDataSource - HikariPool-1 - Start completed.
2025-11-28 14:40:03 [restartedMain] INFO  o.s.j.d.e.EmbeddedDatabaseFactory - Starting embedded database: url='jdbc:h2:mem:testdb;DB_CLOSE_DELAY=-1;DB_CLOSE_ON_EXIT=false', username='sa'
2025-11-28 14:40:03 [restartedMain] INFO  e.f.w.s.TalentLinkSOAPUserService - Initializing TalentLink SOAP User Service
2025-11-28 14:40:03 [restartedMain] INFO  e.f.w.s.h.TalentLinkSOAPHandler - SOAP credentials configured for user: EdUHK UAT:prabhu.srinivasan@atalent.com:BO
2025-11-28 14:40:05 [restartedMain] ERROR o.s.d.IncorrectResultSizeDataAccessException - org.springframework.dao.IncorrectResultSizeDataAccessException in eduhk.fhr.web.service.ParameterService.getParameter(ParameterService.java:46): Incorrect result size: expected 1, actual 2
		at eduhk.fhr.web.service.ParameterService.getParameterValue(ParameterService.java:55)
		Userstamp: 
2025-11-28 14:40:05 [restartedMain] WARN  e.f.w.s.TalentLinkSOAPUserService - TALENTLINK_USER_SOAP_URL not configured, using default: https://api3.lumesse-talenthub.com/User/SOAP/User
2025-11-28 14:40:05 [restartedMain] INFO  e.f.w.s.TalentLinkSOAPUserService - TalentLink SOAP User Service initialized successfully
2025-11-28 14:40:05 [restartedMain] INFO  e.f.w.s.TalentLinkSOAPCandidateService - Initializing TalentLink SOAP Candidate Service
2025-11-28 14:40:05 [restartedMain] INFO  e.f.w.s.h.TalentLinkSOAPHandler - SOAP credentials configured for user: EdUHK UAT:prabhu.srinivasan@atalent.com:BO
2025-11-28 14:40:05 [restartedMain] INFO  e.f.w.s.TalentLinkSOAPCandidateService - TalentLink SOAP Candidate Service initialized successfully
2025-11-28 14:40:05 [restartedMain] INFO  e.f.w.s.SharePointUploadService - Initializing SharePoint Upload Service
2025-11-28 14:40:05 [restartedMain] INFO  e.f.w.s.SharePointUploadService - SharePoint Upload Service initialized successfully
2025-11-28 14:40:05 [restartedMain] INFO  e.fhr.web.mapper.LookupValueResolver - Initializing LOV caches...
2025-11-28 14:40:06 [restartedMain] INFO  e.fhr.web.mapper.LookupValueResolver - LOV caches initialized successfully
2025-11-28 14:40:06 [restartedMain] INFO  o.h.validator.internal.util.Version - HV000001: Hibernate Validator 9.0.1.Final
2025-11-28 14:40:06 [restartedMain] INFO  o.s.s.c.a.a.c.InitializeAuthenticationProviderBeanManagerConfigurer$InitializeAuthenticationProviderManagerConfigurer - Global AuthenticationManager configured with AuthenticationProvider bean with name preauthProvider
2025-11-28 14:40:06 [restartedMain] WARN  o.s.s.c.a.a.c.InitializeUserDetailsBeanManagerConfigurer$InitializeUserDetailsManagerConfigurer - Global AuthenticationManager configured with an AuthenticationProvider bean. UserDetailsService beans will not be used by Spring Security for automatically configuring username/password login. Consider removing the AuthenticationProvider bean. Alternatively, consider using the UserDetailsService in a manually instantiated DaoAuthenticationProvider. If the current configuration is intentional, to turn off this warning, increase the logging level of 'org.springframework.security.config.annotation.authentication.configuration.InitializeUserDetailsBeanManagerConfigurer' to ERROR
2025-11-28 14:40:06 [restartedMain] WARN  o.s.s.c.a.web.builders.WebSecurity - You are asking Spring Security to ignore PathPattern [/public/**]. This is not recommended -- please use permitAll via HttpSecurity#authorizeHttpRequests instead.
2025-11-28 14:40:06 [restartedMain] WARN  o.s.s.c.a.web.builders.WebSecurity - You are asking Spring Security to ignore PathPattern [/js/**]. This is not recommended -- please use permitAll via HttpSecurity#authorizeHttpRequests instead.
2025-11-28 14:40:06 [restartedMain] WARN  o.s.s.c.a.web.builders.WebSecurity - You are asking Spring Security to ignore PathPattern [/css/**]. This is not recommended -- please use permitAll via HttpSecurity#authorizeHttpRequests instead.
2025-11-28 14:40:06 [restartedMain] WARN  o.s.s.c.a.web.builders.WebSecurity - You are asking Spring Security to ignore PathPattern [/images/**]. This is not recommended -- please use permitAll via HttpSecurity#authorizeHttpRequests instead.
2025-11-28 14:40:06 [restartedMain] WARN  o.s.s.c.a.web.builders.WebSecurity - You are asking Spring Security to ignore PathPattern [/fonts/**]. This is not recommended -- please use permitAll via HttpSecurity#authorizeHttpRequests instead.
2025-11-28 14:40:06 [restartedMain] INFO  o.a.coyote.http11.Http11NioProtocol - Starting ProtocolHandler ["http-nio-8080"]
2025-11-28 14:40:06 [restartedMain] INFO  o.s.boot.tomcat.TomcatWebServer - Tomcat started on port 8080 (http) with context path '/'
2025-11-28 14:40:06 [restartedMain] INFO  eduhk.fhr.web.config.fhrApplication - Started fhrApplication in 4.354 seconds (process running for 4.582)
2025-11-28 14:40:08 [Thread-6] INFO  e.f.web.test.DocumentSyncStartupTest - === AUTO-TESTING DOCUMENT SYNC FOR CANDIDATE 99 ===
2025-11-28 14:40:08 [Thread-6] INFO  e.f.w.s.CandidateDocumentSyncService - Starting document sync for candidate 99
2025-11-28 14:40:08 [Thread-6] INFO  e.f.w.s.TalentLinkSOAPCandidateService - Fetching applications for candidate 99
2025-11-28 14:40:08 [http-nio-8080-exec-1] INFO  o.a.c.c.C.[Tomcat].[localhost].[/] - Initializing Spring DispatcherServlet 'dispatcherServlet'
2025-11-28 14:40:08 [http-nio-8080-exec-1] INFO  o.s.web.servlet.DispatcherServlet - Initializing Servlet 'dispatcherServlet'
2025-11-28 14:40:08 [http-nio-8080-exec-1] INFO  o.s.web.servlet.DispatcherServlet - Completed initialization in 1 ms
2025-11-28 14:40:08 [http-nio-8080-exec-1] ERROR o.s.d.IncorrectResultSizeDataAccessException - org.springframework.dao.IncorrectResultSizeDataAccessException in eduhk.fhr.web.service.ParameterService.getSsoLogoutUrl(ParameterService.java:22): Incorrect result size: expected 1, actual 2
		at java.base/jdk.internal.reflect.DirectMethodHandleAccessor.invoke(DirectMethodHandleAccessor.java:103)
		Userstamp: 
2025-11-28 14:40:09 [http-nio-8080-exec-8] WARN  o.s.web.servlet.PageNotFound - No mapping for GET /favicon.ico
2025-11-28 14:40:09 [http-nio-8080-exec-8] WARN  o.s.web.servlet.PageNotFound - No endpoint GET /favicon.ico.
2025-11-28 14:40:09 [http-nio-8080-exec-8] ERROR o.s.d.IncorrectResultSizeDataAccessException - org.springframework.dao.IncorrectResultSizeDataAccessException in eduhk.fhr.web.service.ParameterService.getSsoLogoutUrl(ParameterService.java:22): Incorrect result size: expected 1, actual 2
		at java.base/jdk.internal.reflect.DirectMethodHandleAccessor.invoke(DirectMethodHandleAccessor.java:103)
		Userstamp: 
2025-11-28 14:40:09 [Thread-6] INFO  e.f.w.s.TalentLinkSOAPCandidateService - Found 1 applications for candidate 99
2025-11-28 14:40:09 [Thread-6] INFO  e.f.w.s.TalentLinkSOAPCandidateService - Found 14 total documents for candidate 99
2025-11-28 14:40:09 [Thread-6] INFO  e.f.w.s.CandidateDocumentSyncService - Found 14 documents for candidate 99
2025-11-28 14:40:09 [Thread-6] INFO  e.f.w.s.CandidateDocumentSyncService - Document 348: name='Interview Confirmation to Candidates for Chinese Professor (Mock Demo)', type='MAIL', objectType='MAIL'
2025-11-28 14:40:09 [Thread-6] INFO  e.f.w.s.CandidateDocumentSyncService - Document 348 is not a file attachment (type: MAIL), skipping
2025-11-28 14:40:09 [Thread-6] INFO  e.f.w.s.CandidateDocumentSyncService - Document 349: name='Interview arrangement with Chan One (Mock Demo)– Chinese Professor (Mock Demo)', type='MAIL', objectType='MAIL'
2025-11-28 14:40:09 [Thread-6] INFO  e.f.w.s.CandidateDocumentSyncService - Document 349 is not a file attachment (type: MAIL), skipping
2025-11-28 14:40:09 [Thread-6] INFO  e.f.w.s.CandidateDocumentSyncService - Document 352: name='Spouse_ID_Card.jpg', type='RESUME', objectType='ATTACHEDFILE'
2025-11-28 14:40:09 [Thread-6] INFO  e.f.w.s.CandidateDocumentSyncService - Document 352 already synced, skipping
2025-11-28 14:40:09 [Thread-6] INFO  e.f.w.s.CandidateDocumentSyncService - Document 353: name='Personal_Photo.jpg', type='RESUME', objectType='ATTACHEDFILE'
2025-11-28 14:40:09 [Thread-6] INFO  e.f.w.s.CandidateDocumentSyncService - Document 353 already synced, skipping
2025-11-28 14:40:09 [Thread-6] INFO  e.f.w.s.CandidateDocumentSyncService - Document 354: name='Marital_Certificate.jpg', type='RESUME', objectType='ATTACHEDFILE'
2025-11-28 14:40:09 [Thread-6] INFO  e.f.w.s.CandidateDocumentSyncService - Document 354 already synced, skipping
2025-11-28 14:40:09 [Thread-6] INFO  e.f.w.s.CandidateDocumentSyncService - Document 355: name='Bank_Card.jpg', type='RESUME', objectType='ATTACHEDFILE'
2025-11-28 14:40:09 [Thread-6] INFO  e.f.w.s.CandidateDocumentSyncService - Document 355 already synced, skipping
2025-11-28 14:40:09 [Thread-6] INFO  e.f.w.s.CandidateDocumentSyncService - Document 356: name='Birth_Certificate.jpg', type='RESUME', objectType='ATTACHEDFILE'
2025-11-28 14:40:09 [Thread-6] INFO  e.f.w.s.CandidateDocumentSyncService - Document 356 already synced, skipping
2025-11-28 14:40:09 [Thread-6] INFO  e.f.w.s.CandidateDocumentSyncService - Document 357: name='Declined: Interview arrangement with Chan One (Mock Demo)– Chinese Professor (Mock Demo)', type='TRACKED-MAIL', objectType='TRACKED_MAIL'
2025-11-28 14:40:09 [Thread-6] INFO  e.f.w.s.CandidateDocumentSyncService - Document 357 is not a file attachment (type: TRACKED_MAIL), skipping
2025-11-28 14:40:09 [Thread-6] INFO  e.f.w.s.CandidateDocumentSyncService - Document 350: name='Request for Additional Information for Onboarding', type='MAIL', objectType='MAIL'
2025-11-28 14:40:09 [Thread-6] INFO  e.f.w.s.CandidateDocumentSyncService - Document 350 is not a file attachment (type: MAIL), skipping
2025-11-28 14:40:09 [Thread-6] INFO  e.f.w.s.CandidateDocumentSyncService - Document 343: name='EdUHK Education/Work Experience', type='Q', objectType='STRUCTURED'
2025-11-28 14:40:09 [Thread-6] INFO  e.f.w.s.CandidateDocumentSyncService - Document 343 is not a file attachment (type: STRUCTURED), skipping
2025-11-28 14:40:09 [Thread-6] INFO  e.f.w.s.CandidateDocumentSyncService - Document 345: name='EdUHK Standard PIF', type='FO-PIF', objectType='STRUCTURED'
2025-11-28 14:40:09 [Thread-6] INFO  e.f.w.s.CandidateDocumentSyncService - Document 345 is not a file attachment (type: STRUCTURED), skipping
2025-11-28 14:40:09 [Thread-6] INFO  e.f.w.s.CandidateDocumentSyncService - Document 346: name='EdUHK Declaration', type='Q', objectType='STRUCTURED'
2025-11-28 14:40:09 [Thread-6] INFO  e.f.w.s.CandidateDocumentSyncService - Document 346 is not a file attachment (type: STRUCTURED), skipping
2025-11-28 14:40:09 [Thread-6] INFO  e.f.w.s.CandidateDocumentSyncService - Document 347: name='CV_Sample.docx', type='RESUME', objectType='ATTACHEDFILE'
2025-11-28 14:40:09 [Thread-6] INFO  e.f.w.s.CandidateDocumentSyncService - Document 347 already synced, skipping
2025-11-28 14:40:09 [Thread-6] INFO  e.f.w.s.CandidateDocumentSyncService - Document 351: name='EdUHK Onboarding Data Submission Questionnaire', type='Q', objectType='STRUCTURED'
2025-11-28 14:40:09 [Thread-6] INFO  e.f.w.s.CandidateDocumentSyncService - Document 351 is not a file attachment (type: STRUCTURED), skipping
2025-11-28 14:40:09 [Thread-6] INFO  e.f.w.s.CandidateDocumentSyncService - Document sync completed for candidate 99. Synced: 0/14
2025-11-28 14:40:09 [Thread-6] INFO  e.f.web.test.DocumentSyncStartupTest - === SYNC TEST COMPLETED. Documents synced: 0 ===
2025-11-28 14:40:13 [http-nio-8080-exec-2] WARN  o.s.web.servlet.PageNotFound - No mapping for GET /.well-known/appspecific/com.chrome.devtools.json
2025-11-28 14:40:13 [http-nio-8080-exec-2] WARN  o.s.web.servlet.PageNotFound - No endpoint GET /.well-known/appspecific/com.chrome.devtools.json.
2025-11-28 14:40:13 [http-nio-8080-exec-2] ERROR o.s.d.IncorrectResultSizeDataAccessException - org.springframework.dao.IncorrectResultSizeDataAccessException in eduhk.fhr.web.service.ParameterService.getSsoLogoutUrl(ParameterService.java:22): Incorrect result size: expected 1, actual 2
		at java.base/jdk.internal.reflect.DirectMethodHandleAccessor.invoke(DirectMethodHandleAccessor.java:103)
		Userstamp: 
2025-11-28 14:40:13 [http-nio-8080-exec-5] WARN  o.s.web.servlet.PageNotFound - No mapping for GET /sm/88e48650a36caa41dd1aa0f1a5ee66247818a496500de85dec44b4e2e87cd438.map
2025-11-28 14:40:13 [http-nio-8080-exec-5] WARN  o.s.web.servlet.PageNotFound - No endpoint GET /sm/88e48650a36caa41dd1aa0f1a5ee66247818a496500de85dec44b4e2e87cd438.map.
2025-11-28 14:40:13 [http-nio-8080-exec-5] ERROR o.s.d.IncorrectResultSizeDataAccessException - org.springframework.dao.IncorrectResultSizeDataAccessException in eduhk.fhr.web.service.ParameterService.getSsoLogoutUrl(ParameterService.java:22): Incorrect result size: expected 1, actual 2
		at java.base/jdk.internal.reflect.DirectMethodHandleAccessor.invoke(DirectMethodHandleAccessor.java:103)
		Userstamp: 
2025-11-28 14:40:13 [http-nio-8080-exec-9] ERROR o.s.d.IncorrectResultSizeDataAccessException - org.springframework.dao.IncorrectResultSizeDataAccessException in eduhk.fhr.web.service.ParameterService.getSsoLogoutUrl(ParameterService.java:22): Incorrect result size: expected 1, actual 2
		at java.base/jdk.internal.reflect.DirectMethodHandleAccessor.invoke(DirectMethodHandleAccessor.java:103)
		Userstamp: 
2025-11-28 14:40:13 [http-nio-8080-exec-10] ERROR o.s.d.IncorrectResultSizeDataAccessException - org.springframework.dao.IncorrectResultSizeDataAccessException in eduhk.fhr.web.service.ParameterService.getSsoLogoutUrl(ParameterService.java:22): Incorrect result size: expected 1, actual 2
		at java.base/jdk.internal.reflect.DirectMethodHandleAccessor.invoke(DirectMethodHandleAccessor.java:103)
		Userstamp: 
2025-11-28 14:40:13 [http-nio-8080-exec-7] ERROR o.s.d.IncorrectResultSizeDataAccessException - org.springframework.dao.IncorrectResultSizeDataAccessException in eduhk.fhr.web.service.ParameterService.getSsoLogoutUrl(ParameterService.java:22): Incorrect result size: expected 1, actual 2
		at java.base/jdk.internal.reflect.DirectMethodHandleAccessor.invoke(DirectMethodHandleAccessor.java:103)
		Userstamp: 
2025-11-28 14:40:13 [http-nio-8080-exec-1] ERROR o.s.d.IncorrectResultSizeDataAccessException - org.springframework.dao.IncorrectResultSizeDataAccessException in eduhk.fhr.web.service.ParameterService.getSsoLogoutUrl(ParameterService.java:22): Incorrect result size: expected 1, actual 2
		at java.base/jdk.internal.reflect.DirectMethodHandleAccessor.invoke(DirectMethodHandleAccessor.java:103)
		Userstamp: 
2025-11-28 14:40:33 [http-nio-8080-exec-6] ERROR o.s.d.IncorrectResultSizeDataAccessException - org.springframework.dao.IncorrectResultSizeDataAccessException in eduhk.fhr.web.service.ParameterService.getSsoLogoutUrl(ParameterService.java:22): Incorrect result size: expected 1, actual 2
		at java.base/jdk.internal.reflect.DirectMethodHandleAccessor.invoke(DirectMethodHandleAccessor.java:103)
		Userstamp: 
2025-11-28 14:40:33 [http-nio-8080-exec-6] INFO  e.f.w.c.CandidateDocumentSyncController - Manually triggering document sync for candidate 37
2025-11-28 14:40:33 [http-nio-8080-exec-6] INFO  e.f.w.s.CandidateDocumentSyncService - Starting document sync for candidate 37
2025-11-28 14:40:33 [http-nio-8080-exec-6] INFO  e.f.w.s.TalentLinkSOAPCandidateService - Fetching applications for candidate 37
2025-11-28 14:40:34 [http-nio-8080-exec-6] INFO  e.f.w.s.TalentLinkSOAPCandidateService - Found 1 applications for candidate 37
2025-11-28 14:40:34 [http-nio-8080-exec-6] INFO  e.f.w.s.TalentLinkSOAPCandidateService - Found 13 total documents for candidate 37
2025-11-28 14:40:34 [http-nio-8080-exec-6] INFO  e.f.w.s.CandidateDocumentSyncService - Found 13 documents for candidate 37
2025-11-28 14:40:34 [http-nio-8080-exec-6] INFO  e.f.w.s.CandidateDocumentSyncService - Document 239: name='CV.png', type='RESUME', objectType='ATTACHEDFILE'
2025-11-28 14:40:34 [http-nio-8080-exec-6] INFO  e.f.w.s.CandidateDocumentSyncService - Downloading document 239 for candidate 37
2025-11-28 14:40:34 [http-nio-8080-exec-6] INFO  e.f.w.s.TalentLinkSOAPCandidateService - Downloading document 239 via REST API
2025-11-28 14:40:38 [http-nio-8080-exec-6] INFO  e.f.w.s.TalentLinkSOAPCandidateService - Downloaded document via REST: CV.png (size: 254854 bytes)
2025-11-28 14:40:38 [http-nio-8080-exec-6] INFO  e.f.w.s.CandidateDocumentSyncService - Uploading document CV.png to SharePoint folder Candidate_37
2025-11-28 14:40:38 [http-nio-8080-exec-6] INFO  e.f.w.s.SharePointUploadService - Uploading file: CV.png to folder: Candidate_37 (size: 254854 bytes)
2025-11-28 14:40:40 [ForkJoinPool.commonPool-worker-5] WARN  c.m.a.m.ConfidentialClientApplication - [Correlation ID: 453e84ae-1777-4c05-8c99-021d7ec992e0] Execution of class com.microsoft.aad.msal4j.AcquireTokenSilentSupplier failed: Token not found in the cache
2025-11-28 14:40:40 [ForkJoinPool.commonPool-worker-2] INFO  c.a.identity.ClientSecretCredential - Azure Identity => getToken() result for scopes [https://graph.microsoft.com/.default]: SUCCESS
2025-11-28 14:40:41 [http-nio-8080-exec-6] INFO  e.f.w.s.SharePointUploadService - File uploaded successfully. SharePoint ID: 01QZHQW3KAXF75FNXADRGKZR4MSSMU56VY
2025-11-28 14:40:41 [http-nio-8080-exec-6] INFO  e.f.w.s.SharePointUploadService - Web URL: https://uedhk.sharepoint.com/sites/SPDev/TalentLink%20Documents/Candidate_37/CV.png
2025-11-28 14:40:41 [http-nio-8080-exec-6] INFO  e.f.w.s.CandidateDocumentSyncService - Successfully synced document 239 for candidate 37 (CV.png)
2025-11-28 14:40:41 [http-nio-8080-exec-6] INFO  e.f.w.s.CandidateDocumentSyncService - Document 240: name='CV.png', type='RESUME', objectType='ATTACHEDFILE'
2025-11-28 14:40:41 [http-nio-8080-exec-6] INFO  e.f.w.s.CandidateDocumentSyncService - Downloading document 240 for candidate 37
2025-11-28 14:40:41 [http-nio-8080-exec-6] INFO  e.f.w.s.TalentLinkSOAPCandidateService - Downloading document 240 via REST API
2025-11-28 14:40:44 [http-nio-8080-exec-6] INFO  e.f.w.s.TalentLinkSOAPCandidateService - Downloaded document via REST: CV.png (size: 254854 bytes)
2025-11-28 14:40:44 [http-nio-8080-exec-6] INFO  e.f.w.s.CandidateDocumentSyncService - Uploading document CV.png to SharePoint folder Candidate_37
2025-11-28 14:40:44 [http-nio-8080-exec-6] INFO  e.f.w.s.SharePointUploadService - Uploading file: CV.png to folder: Candidate_37 (size: 254854 bytes)
2025-11-28 14:40:44 [ForkJoinPool.commonPool-worker-2] INFO  c.a.identity.ClientSecretCredential - Azure Identity => getToken() result for scopes [https://graph.microsoft.com/.default]: SUCCESS
2025-11-28 14:40:45 [http-nio-8080-exec-6] INFO  e.f.w.s.SharePointUploadService - File uploaded successfully. SharePoint ID: 01QZHQW3KAXF75FNXADRGKZR4MSSMU56VY
2025-11-28 14:40:45 [http-nio-8080-exec-6] INFO  e.f.w.s.SharePointUploadService - Web URL: https://uedhk.sharepoint.com/sites/SPDev/TalentLink%20Documents/Candidate_37/CV.png
2025-11-28 14:40:45 [http-nio-8080-exec-6] INFO  e.f.w.s.CandidateDocumentSyncService - Successfully synced document 240 for candidate 37 (CV.png)
2025-11-28 14:40:45 [http-nio-8080-exec-6] INFO  e.f.w.s.CandidateDocumentSyncService - Document 241: name='CV.png', type='RESUME', objectType='ATTACHEDFILE'
2025-11-28 14:40:45 [http-nio-8080-exec-6] INFO  e.f.w.s.CandidateDocumentSyncService - Downloading document 241 for candidate 37
2025-11-28 14:40:45 [http-nio-8080-exec-6] INFO  e.f.w.s.TalentLinkSOAPCandidateService - Downloading document 241 via REST API
2025-11-28 14:40:48 [http-nio-8080-exec-6] INFO  e.f.w.s.TalentLinkSOAPCandidateService - Downloaded document via REST: CV.png (size: 254854 bytes)
2025-11-28 14:40:48 [http-nio-8080-exec-6] INFO  e.f.w.s.CandidateDocumentSyncService - Uploading document CV.png to SharePoint folder Candidate_37
2025-11-28 14:40:48 [http-nio-8080-exec-6] INFO  e.f.w.s.SharePointUploadService - Uploading file: CV.png to folder: Candidate_37 (size: 254854 bytes)
2025-11-28 14:40:48 [ForkJoinPool.commonPool-worker-2] INFO  c.a.identity.ClientSecretCredential - Azure Identity => getToken() result for scopes [https://graph.microsoft.com/.default]: SUCCESS
2025-11-28 14:40:49 [http-nio-8080-exec-6] INFO  e.f.w.s.SharePointUploadService - File uploaded successfully. SharePoint ID: 01QZHQW3KAXF75FNXADRGKZR4MSSMU56VY
2025-11-28 14:40:49 [http-nio-8080-exec-6] INFO  e.f.w.s.SharePointUploadService - Web URL: https://uedhk.sharepoint.com/sites/SPDev/TalentLink%20Documents/Candidate_37/CV.png
2025-11-28 14:40:49 [http-nio-8080-exec-6] INFO  e.f.w.s.CandidateDocumentSyncService - Successfully synced document 241 for candidate 37 (CV.png)
2025-11-28 14:40:49 [http-nio-8080-exec-6] INFO  e.f.w.s.CandidateDocumentSyncService - Document 242: name='CV.png', type='RESUME', objectType='ATTACHEDFILE'
2025-11-28 14:40:49 [http-nio-8080-exec-6] INFO  e.f.w.s.CandidateDocumentSyncService - Downloading document 242 for candidate 37
2025-11-28 14:40:49 [http-nio-8080-exec-6] INFO  e.f.w.s.TalentLinkSOAPCandidateService - Downloading document 242 via REST API
2025-11-28 14:40:51 [http-nio-8080-exec-6] INFO  e.f.w.s.TalentLinkSOAPCandidateService - Downloaded document via REST: CV.png (size: 254854 bytes)
2025-11-28 14:40:51 [http-nio-8080-exec-6] INFO  e.f.w.s.CandidateDocumentSyncService - Uploading document CV.png to SharePoint folder Candidate_37
2025-11-28 14:40:51 [http-nio-8080-exec-6] INFO  e.f.w.s.SharePointUploadService - Uploading file: CV.png to folder: Candidate_37 (size: 254854 bytes)
2025-11-28 14:40:51 [ForkJoinPool.commonPool-worker-2] INFO  c.a.identity.ClientSecretCredential - Azure Identity => getToken() result for scopes [https://graph.microsoft.com/.default]: SUCCESS
2025-11-28 14:40:52 [http-nio-8080-exec-6] INFO  e.f.w.s.SharePointUploadService - File uploaded successfully. SharePoint ID: 01QZHQW3KAXF75FNXADRGKZR4MSSMU56VY
2025-11-28 14:40:52 [http-nio-8080-exec-6] INFO  e.f.w.s.SharePointUploadService - Web URL: https://uedhk.sharepoint.com/sites/SPDev/TalentLink%20Documents/Candidate_37/CV.png
2025-11-28 14:40:52 [http-nio-8080-exec-6] INFO  e.f.w.s.CandidateDocumentSyncService - Successfully synced document 242 for candidate 37 (CV.png)
2025-11-28 14:40:52 [http-nio-8080-exec-6] INFO  e.f.w.s.CandidateDocumentSyncService - Document 243: name='CV.png', type='RESUME', objectType='ATTACHEDFILE'
2025-11-28 14:40:52 [http-nio-8080-exec-6] INFO  e.f.w.s.CandidateDocumentSyncService - Downloading document 243 for candidate 37
2025-11-28 14:40:52 [http-nio-8080-exec-6] INFO  e.f.w.s.TalentLinkSOAPCandidateService - Downloading document 243 via REST API
2025-11-28 14:40:54 [http-nio-8080-exec-6] INFO  e.f.w.s.TalentLinkSOAPCandidateService - Downloaded document via REST: CV.png (size: 254854 bytes)
2025-11-28 14:40:54 [http-nio-8080-exec-6] INFO  e.f.w.s.CandidateDocumentSyncService - Uploading document CV.png to SharePoint folder Candidate_37
2025-11-28 14:40:54 [http-nio-8080-exec-6] INFO  e.f.w.s.SharePointUploadService - Uploading file: CV.png to folder: Candidate_37 (size: 254854 bytes)
2025-11-28 14:40:54 [ForkJoinPool.commonPool-worker-2] INFO  c.a.identity.ClientSecretCredential - Azure Identity => getToken() result for scopes [https://graph.microsoft.com/.default]: SUCCESS
2025-11-28 14:40:56 [http-nio-8080-exec-6] INFO  e.f.w.s.SharePointUploadService - File uploaded successfully. SharePoint ID: 01QZHQW3KAXF75FNXADRGKZR4MSSMU56VY
2025-11-28 14:40:56 [http-nio-8080-exec-6] INFO  e.f.w.s.SharePointUploadService - Web URL: https://uedhk.sharepoint.com/sites/SPDev/TalentLink%20Documents/Candidate_37/CV.png
2025-11-28 14:40:56 [http-nio-8080-exec-6] INFO  e.f.w.s.CandidateDocumentSyncService - Successfully synced document 243 for candidate 37 (CV.png)
2025-11-28 14:40:56 [http-nio-8080-exec-6] INFO  e.f.w.s.CandidateDocumentSyncService - Document 236: name='Interview arrangement with Chan Offer– Offer Post', type='MAIL', objectType='MAIL'
2025-11-28 14:40:56 [http-nio-8080-exec-6] INFO  e.f.w.s.CandidateDocumentSyncService - Document 236 is not a file attachment (type: MAIL), skipping
2025-11-28 14:40:56 [http-nio-8080-exec-6] INFO  e.f.w.s.CandidateDocumentSyncService - Document 237: name='Request for Additional Information for Onboarding', type='MAIL', objectType='MAIL'
2025-11-28 14:40:56 [http-nio-8080-exec-6] INFO  e.f.w.s.CandidateDocumentSyncService - Document 237 is not a file attachment (type: MAIL), skipping
2025-11-28 14:40:56 [http-nio-8080-exec-6] INFO  e.f.w.s.CandidateDocumentSyncService - Document 238: name='EdUHK Onboarding Data Submission Questionnaire', type='Q', objectType='STRUCTURED'
2025-11-28 14:40:56 [http-nio-8080-exec-6] INFO  e.f.w.s.CandidateDocumentSyncService - Document 238 is not a file attachment (type: STRUCTURED), skipping
2025-11-28 14:40:56 [http-nio-8080-exec-6] INFO  e.f.w.s.CandidateDocumentSyncService - Document 231: name='EdUHK Education/Work Experience', type='Q', objectType='STRUCTURED'
2025-11-28 14:40:56 [http-nio-8080-exec-6] INFO  e.f.w.s.CandidateDocumentSyncService - Document 231 is not a file attachment (type: STRUCTURED), skipping
2025-11-28 14:40:56 [http-nio-8080-exec-6] INFO  e.f.w.s.CandidateDocumentSyncService - Document 233: name='EdUHK Standard PIF', type='FO-PIF', objectType='STRUCTURED'
2025-11-28 14:40:56 [http-nio-8080-exec-6] INFO  e.f.w.s.CandidateDocumentSyncService - Document 233 is not a file attachment (type: STRUCTURED), skipping
2025-11-28 14:40:56 [http-nio-8080-exec-6] INFO  e.f.w.s.CandidateDocumentSyncService - Document 234: name='EdUHK Declaration', type='Q', objectType='STRUCTURED'
2025-11-28 14:40:56 [http-nio-8080-exec-6] INFO  e.f.w.s.CandidateDocumentSyncService - Document 234 is not a file attachment (type: STRUCTURED), skipping
2025-11-28 14:40:56 [http-nio-8080-exec-6] INFO  e.f.w.s.CandidateDocumentSyncService - Document 235: name='CV_Sample.docx', type='RESUME', objectType='ATTACHEDFILE'
2025-11-28 14:40:56 [http-nio-8080-exec-6] INFO  e.f.w.s.CandidateDocumentSyncService - Downloading document 235 for candidate 37
2025-11-28 14:40:56 [http-nio-8080-exec-6] INFO  e.f.w.s.TalentLinkSOAPCandidateService - Downloading document 235 via REST API
2025-11-28 14:40:57 [http-nio-8080-exec-6] INFO  e.f.w.s.TalentLinkSOAPCandidateService - Downloaded document via REST: CV_Sample.docx (size: 25686 bytes)
2025-11-28 14:40:57 [http-nio-8080-exec-6] INFO  e.f.w.s.CandidateDocumentSyncService - Uploading document CV_Sample.docx to SharePoint folder Candidate_37
2025-11-28 14:40:57 [http-nio-8080-exec-6] INFO  e.f.w.s.SharePointUploadService - Uploading file: CV_Sample.docx to folder: Candidate_37 (size: 25686 bytes)
2025-11-28 14:40:57 [ForkJoinPool.commonPool-worker-2] INFO  c.a.identity.ClientSecretCredential - Azure Identity => getToken() result for scopes [https://graph.microsoft.com/.default]: SUCCESS
2025-11-28 14:40:57 [http-nio-8080-exec-6] INFO  e.f.w.s.SharePointUploadService - File uploaded successfully. SharePoint ID: 01QZHQW3KOMYYJ324EVBF34D5VAZMQITAL
2025-11-28 14:40:57 [http-nio-8080-exec-6] INFO  e.f.w.s.SharePointUploadService - Web URL: https://uedhk.sharepoint.com/sites/SPDev/_layouts/15/Doc.aspx?sourcedoc=%7B9D30664E-84EB-4BA8-BE0F-B50659044C0B%7D&file=CV_Sample.docx&action=default&mobileredirect=true
2025-11-28 14:40:57 [http-nio-8080-exec-6] INFO  e.f.w.s.CandidateDocumentSyncService - Successfully synced document 235 for candidate 37 (CV_Sample.docx)
2025-11-28 14:40:57 [http-nio-8080-exec-6] INFO  e.f.w.s.CandidateDocumentSyncService - Document 392: name='EdUHK Onboarding (HR)', type='Q', objectType='STRUCTURED'
2025-11-28 14:40:57 [http-nio-8080-exec-6] INFO  e.f.w.s.CandidateDocumentSyncService - Document 392 is not a file attachment (type: STRUCTURED), skipping
2025-11-28 14:40:57 [http-nio-8080-exec-6] INFO  e.f.w.s.CandidateDocumentSyncService - Document sync completed for candidate 37. Synced: 6/13
2025-11-28 14:40:57 [http-nio-8080-exec-6] INFO  e.f.w.c.CandidateDocumentSyncController - Document sync completed for candidate 37. Synced: 6 documents
2025-11-28 15:00:00 [scheduling-1] INFO  e.fhr.web.scheduler.ScheduleTask - [syncUsersToTalentLink()] Start
2025-11-28 15:00:00 [scheduling-1] INFO  e.f.w.s.TalentLinkUserSyncService - Starting user sync to TalentLink via SOAP
2025-11-28 15:00:00 [scheduling-1] INFO  e.f.w.s.TalentLinkUserSyncService - Found 0 unsynced users
2025-11-28 15:00:00 [scheduling-1] INFO  e.f.w.s.TalentLinkUserSyncService - No users to sync
2025-11-28 15:00:00 [scheduling-1] INFO  e.fhr.web.scheduler.ScheduleTask - [syncUsersToTalentLink()] - No users to sync
2025-11-28 15:00:00 [scheduling-1] INFO  e.fhr.web.scheduler.ScheduleTask - [syncUsersToTalentLink()] End
2025-11-28 15:19:46 [HikariPool-1:housekeeper] WARN  com.zaxxer.hikari.pool.HikariPool - HikariPool-1 - Thread starvation or clock leap detected (housekeeper delta=2m5s888ms).
2025-11-28 16:01:51 [scheduling-1] INFO  e.fhr.web.scheduler.ScheduleTask - [syncUsersToTalentLink()] Start
2025-11-28 16:01:51 [scheduling-1] INFO  e.f.w.s.TalentLinkUserSyncService - Starting user sync to TalentLink via SOAP
2025-11-28 16:01:51 [scheduling-1] INFO  e.f.w.s.TalentLinkUserSyncService - Found 0 unsynced users
2025-11-28 16:01:51 [scheduling-1] INFO  e.f.w.s.TalentLinkUserSyncService - No users to sync
2025-11-28 16:01:51 [scheduling-1] INFO  e.fhr.web.scheduler.ScheduleTask - [syncUsersToTalentLink()] - No users to sync
2025-11-28 16:01:51 [scheduling-1] INFO  e.fhr.web.scheduler.ScheduleTask - [syncUsersToTalentLink()] End
2025-11-28 16:37:16 [HikariPool-1:housekeeper] WARN  com.zaxxer.hikari.pool.HikariPool - HikariPool-1 - Thread starvation or clock leap detected (housekeeper delta=3m19s491ms).
2025-11-28 16:53:45 [HikariPool-1:housekeeper] WARN  com.zaxxer.hikari.pool.HikariPool - HikariPool-1 - Thread starvation or clock leap detected (housekeeper delta=5m59s620ms).
2025-11-28 16:56:26 [HikariPool-1:housekeeper] WARN  com.zaxxer.hikari.pool.HikariPool - HikariPool-1 - Thread starvation or clock leap detected (housekeeper delta=1m10s981ms).
2025-11-28 17:09:01 [scheduling-1] INFO  e.fhr.web.scheduler.ScheduleTask - [syncUsersToTalentLink()] Start
2025-11-28 17:09:01 [scheduling-1] INFO  e.f.w.s.TalentLinkUserSyncService - Starting user sync to TalentLink via SOAP
2025-11-28 17:09:01 [scheduling-1] INFO  e.f.w.s.TalentLinkUserSyncService - Found 0 unsynced users
2025-11-28 17:09:01 [scheduling-1] INFO  e.f.w.s.TalentLinkUserSyncService - No users to sync
2025-11-28 17:09:01 [scheduling-1] INFO  e.fhr.web.scheduler.ScheduleTask - [syncUsersToTalentLink()] - No users to sync
2025-11-28 17:09:01 [scheduling-1] INFO  e.fhr.web.scheduler.ScheduleTask - [syncUsersToTalentLink()] End
2025-11-28 17:22:46 [HikariPool-1:housekeeper] WARN  com.zaxxer.hikari.pool.HikariPool - HikariPool-1 - Thread starvation or clock leap detected (housekeeper delta=4m49s86ms).
2025-11-28 17:27:31 [HikariPool-1:housekeeper] WARN  com.zaxxer.hikari.pool.HikariPool - HikariPool-1 - Thread starvation or clock leap detected (housekeeper delta=2m45s46ms).
2025-11-28 17:50:55 [HikariPool-1:housekeeper] WARN  com.zaxxer.hikari.pool.HikariPool - HikariPool-1 - Thread starvation or clock leap detected (housekeeper delta=1m24s210ms).
2025-11-28 18:07:28 [scheduling-1] INFO  e.fhr.web.scheduler.ScheduleTask - [syncUsersToTalentLink()] Start
2025-11-28 18:07:28 [scheduling-1] INFO  e.f.w.s.TalentLinkUserSyncService - Starting user sync to TalentLink via SOAP
2025-11-28 18:07:28 [scheduling-1] INFO  e.f.w.s.TalentLinkUserSyncService - Found 0 unsynced users
2025-11-28 18:07:28 [scheduling-1] INFO  e.f.w.s.TalentLinkUserSyncService - No users to sync
2025-11-28 18:07:28 [scheduling-1] INFO  e.fhr.web.scheduler.ScheduleTask - [syncUsersToTalentLink()] - No users to sync
2025-11-28 18:07:28 [scheduling-1] INFO  e.fhr.web.scheduler.ScheduleTask - [syncUsersToTalentLink()] End
2025-11-28 19:00:00 [scheduling-1] INFO  e.fhr.web.scheduler.ScheduleTask - [syncUsersToTalentLink()] Start
2025-11-28 19:00:00 [scheduling-1] INFO  e.f.w.s.TalentLinkUserSyncService - Starting user sync to TalentLink via SOAP
2025-11-28 19:00:00 [scheduling-1] INFO  e.f.w.s.TalentLinkUserSyncService - Found 0 unsynced users
2025-11-28 19:00:00 [scheduling-1] INFO  e.f.w.s.TalentLinkUserSyncService - No users to sync
2025-11-28 19:00:00 [scheduling-1] INFO  e.fhr.web.scheduler.ScheduleTask - [syncUsersToTalentLink()] - No users to sync
2025-11-28 19:00:00 [scheduling-1] INFO  e.fhr.web.scheduler.ScheduleTask - [syncUsersToTalentLink()] End
2025-11-28 19:10:32 [HikariPool-1:housekeeper] WARN  com.zaxxer.hikari.pool.HikariPool - HikariPool-1 - Thread starvation or clock leap detected (housekeeper delta=4m5s858ms).
2025-11-28 20:47:16 [HikariPool-1:housekeeper] WARN  com.zaxxer.hikari.pool.HikariPool - HikariPool-1 - Thread starvation or clock leap detected (housekeeper delta=1h36m14s686ms).
2025-11-28 20:59:00 [HikariPool-1:housekeeper] WARN  com.zaxxer.hikari.pool.HikariPool - HikariPool-1 - Thread starvation or clock leap detected (housekeeper delta=11m43s776ms).
2025-11-28 20:59:55 [HikariPool-1:housekeeper] WARN  com.zaxxer.hikari.pool.HikariPool - HikariPool-1 - Thread starvation or clock leap detected (housekeeper delta=54s869ms).
2025-11-28 21:02:39 [HikariPool-1:housekeeper] WARN  com.zaxxer.hikari.pool.HikariPool - HikariPool-1 - Thread starvation or clock leap detected (housekeeper delta=2m14s137ms).
2025-11-28 21:12:07 [HikariPool-1:housekeeper] WARN  com.zaxxer.hikari.pool.HikariPool - HikariPool-1 - Thread starvation or clock leap detected (housekeeper delta=54s856ms).
2025-11-28 22:37:52 [HikariPool-1:housekeeper] WARN  com.zaxxer.hikari.pool.HikariPool - HikariPool-1 - Thread starvation or clock leap detected (housekeeper delta=1h25m14s457ms).
