2025-11-26 15:37:04 [restartedMain] INFO  eduhk.fhr.web.config.fhrApplication - Starting fhrApplication using Java 21.0.9 with PID 93105 (/Users/praveen/Documents/projects/eduhk_rdps/target/classes started by praveen in /Users/praveen/Documents/projects/eduhk_rdps)
2025-11-26 15:37:04 [restartedMain] INFO  eduhk.fhr.web.config.fhrApplication - The following 1 profile is active: "local"
2025-11-26 15:37:04 [restartedMain] INFO  o.s.b.d.restart.ChangeableUrls - The Class-Path manifest attribute in /Users/praveen/.m2/repository/com/oracle/database/jdbc/ojdbc11/23.9.0.25.07/ojdbc11-23.9.0.25.07.jar referenced one or more files that do not exist: file:/Users/praveen/.m2/repository/com/oracle/database/jdbc/ojdbc11/23.9.0.25.07/oraclepki.jar
2025-11-26 15:37:04 [restartedMain] INFO  o.s.b.d.restart.ChangeableUrls - The Class-Path manifest attribute in /Users/praveen/.m2/repository/com/sun/xml/ws/jaxws-rt/4.0.0/jaxws-rt-4.0.0.jar referenced one or more files that do not exist: file:/Users/praveen/.m2/repository/com/sun/xml/ws/jaxws-rt/4.0.0/jakarta.annotation-api.jar,file:/Users/praveen/.m2/repository/com/sun/xml/ws/jaxws-rt/4.0.0/jakarta.activation-api.jar,file:/Users/praveen/.m2/repository/com/sun/xml/ws/jaxws-rt/4.0.0/jakarta.mail-api.jar,file:/Users/praveen/.m2/repository/com/sun/xml/ws/jaxws-rt/4.0.0/jakarta.xml.bind-api.jar,file:/Users/praveen/.m2/repository/com/sun/xml/ws/jaxws-rt/4.0.0/jakarta.xml.ws-api.jar,file:/Users/praveen/.m2/repository/com/sun/xml/ws/jaxws-rt/4.0.0/jakarta.xml.soap-api.jar,file:/Users/praveen/.m2/repository/com/sun/xml/ws/jaxws-rt/4.0.0/angus-activation.jar,file:/Users/praveen/.m2/repository/com/sun/xml/ws/jaxws-rt/4.0.0/angus-mail.jar,file:/Users/praveen/.m2/repository/com/sun/xml/ws/jaxws-rt/4.0.0/FastInfoset.jar,file:/Users/praveen/.m2/repository/com/sun/xml/ws/jaxws-rt/4.0.0/gmbal-api-only.jar,file:/Users/praveen/.m2/repository/com/sun/xml/ws/jaxws-rt/4.0.0/ha-api.jar,file:/Users/praveen/.m2/repository/com/sun/xml/ws/jaxws-rt/4.0.0/jaxb-core.jar,file:/Users/praveen/.m2/repository/com/sun/xml/ws/jaxws-rt/4.0.0/jaxb-impl.jar,file:/Users/praveen/.m2/repository/com/sun/xml/ws/jaxws-rt/4.0.0/management-api.jar,file:/Users/praveen/.m2/repository/com/sun/xml/ws/jaxws-rt/4.0.0/mimepull.jar,file:/Users/praveen/.m2/repository/com/sun/xml/ws/jaxws-rt/4.0.0/saaj-impl.jar,file:/Users/praveen/.m2/repository/com/sun/xml/ws/jaxws-rt/4.0.0/stax-ex.jar,file:/Users/praveen/.m2/repository/com/sun/xml/ws/jaxws-rt/4.0.0/stax2-api.jar,file:/Users/praveen/.m2/repository/com/sun/xml/ws/jaxws-rt/4.0.0/streambuffer.jar,file:/Users/praveen/.m2/repository/com/sun/xml/ws/jaxws-rt/4.0.0/woodstox-core.jar
2025-11-26 15:37:04 [restartedMain] INFO  o.s.b.d.restart.ChangeableUrls - The Class-Path manifest attribute in /Users/praveen/.m2/repository/org/glassfish/ha/ha-api/3.1.13/ha-api-3.1.13.jar referenced one or more files that do not exist: file:/Users/praveen/.m2/repository/org/glassfish/ha/ha-api/3.1.13/hk2.jar,file:/Users/praveen/.m2/repository/org/glassfish/ha/ha-api/3.1.13/hk2-core.jar,file:/Users/praveen/.m2/repository/org/glassfish/ha/ha-api/3.1.13/class-model.jar,file:/Users/praveen/.m2/repository/org/glassfish/ha/ha-api/3.1.13/config-api.jar,file:/Users/praveen/.m2/repository/org/glassfish/ha/ha-api/3.1.13/tiger-types.jar,file:/Users/praveen/.m2/repository/org/glassfish/ha/ha-api/3.1.13/bean-validator.jar,file:/Users/praveen/.m2/repository/org/glassfish/ha/ha-api/3.1.13/jtype.jar,file:/Users/praveen/.m2/repository/org/glassfish/ha/ha-api/3.1.13/auto-depends.jar,file:/Users/praveen/.m2/repository/org/glassfish/ha/ha-api/3.1.13/jakarta.inject-api.jar,file:/Users/praveen/.m2/repository/org/glassfish/ha/ha-api/3.1.13/asm-all-repackaged.jar,file:/Users/praveen/.m2/repository/org/glassfish/ha/ha-api/3.1.13/hk2-api.jar,file:/Users/praveen/.m2/repository/org/glassfish/ha/ha-api/3.1.13/osgi-resource-locator.jar
2025-11-26 15:37:04 [restartedMain] INFO  o.s.b.d.restart.ChangeableUrls - The Class-Path manifest attribute in /Users/praveen/.m2/repository/com/sun/xml/bind/jaxb-impl/4.0.0/jaxb-impl-4.0.0.jar referenced one or more files that do not exist: file:/Users/praveen/.m2/repository/com/sun/xml/bind/jaxb-impl/4.0.0/jaxb-core.jar,file:/Users/praveen/.m2/repository/com/sun/xml/bind/jaxb-impl/4.0.0/angus-activation.jar
2025-11-26 15:37:04 [restartedMain] INFO  o.s.b.d.restart.ChangeableUrls - The Class-Path manifest attribute in /Users/praveen/.m2/repository/com/sun/xml/bind/jaxb-core/4.0.6/jaxb-core-4.0.6.jar referenced one or more files that do not exist: file:/Users/praveen/.m2/repository/com/sun/xml/bind/jaxb-core/4.0.6/jakarta.activation-api.jar,file:/Users/praveen/.m2/repository/com/sun/xml/bind/jaxb-core/4.0.6/jakarta.xml.bind-api.jar
2025-11-26 15:37:04 [restartedMain] INFO  o.s.b.d.e.DevToolsPropertyDefaultsPostProcessor - Devtools property defaults active! Set 'spring.devtools.add-properties' to 'false' to disable
2025-11-26 15:37:04 [restartedMain] INFO  o.s.b.d.e.DevToolsPropertyDefaultsPostProcessor - For additional web related logging consider setting the 'logging.level.web' property to 'DEBUG'
2025-11-26 15:37:05 [restartedMain] INFO  o.s.b.f.s.DefaultListableBeanFactory - Overriding bean definition for bean 'localeResolver' with a different definition: replacing [Root bean: class=null; scope=; abstract=false; lazyInit=null; autowireMode=3; dependencyCheck=0; autowireCandidate=true; primary=false; fallback=false; factoryBeanName=org.springframework.web.servlet.config.annotation.DelegatingWebMvcConfiguration; factoryMethodName=localeResolver; initMethodNames=null; destroyMethodNames=[(inferred)]; defined in class path resource [org/springframework/web/servlet/config/annotation/DelegatingWebMvcConfiguration.class]] with [Root bean: class=null; scope=; abstract=false; lazyInit=null; autowireMode=3; dependencyCheck=0; autowireCandidate=true; primary=false; fallback=false; factoryBeanName=appConfig; factoryMethodName=localeResolver; initMethodNames=null; destroyMethodNames=[(inferred)]; defined in class path resource [eduhk/fhr/web/config/AppConfig.class]]
2025-11-26 15:37:05 [restartedMain] INFO  o.s.boot.tomcat.TomcatWebServer - Tomcat initialized with port 8080 (http)
2025-11-26 15:37:05 [restartedMain] INFO  o.a.coyote.http11.Http11NioProtocol - Initializing ProtocolHandler ["http-nio-8080"]
2025-11-26 15:37:05 [restartedMain] INFO  o.a.catalina.core.StandardService - Starting service [Tomcat]
2025-11-26 15:37:05 [restartedMain] INFO  o.a.catalina.core.StandardEngine - Starting Servlet engine: [Apache Tomcat/11.0.14]
2025-11-26 15:37:05 [restartedMain] INFO  o.s.b.w.c.s.WebApplicationContextInitializer - Root WebApplicationContext: initialization completed in 535 ms
2025-11-26 15:37:05 [restartedMain] INFO  com.zaxxer.hikari.HikariDataSource - HikariPool-1 - Starting...
2025-11-26 15:37:05 [restartedMain] WARN  c.z.hikari.util.DriverDataSource - Registered driver with driverClassName=oracle.jdbc.driver.OracleDriver was not found, trying direct instantiation.
2025-11-26 15:37:05 [restartedMain] INFO  com.zaxxer.hikari.pool.HikariPool - HikariPool-1 - Added connection oracle.jdbc.driver.T4CConnection@7d828768
2025-11-26 15:37:05 [restartedMain] INFO  com.zaxxer.hikari.HikariDataSource - HikariPool-1 - Start completed.
2025-11-26 15:37:05 [restartedMain] INFO  o.s.j.d.e.EmbeddedDatabaseFactory - Starting embedded database: url='jdbc:h2:mem:testdb;DB_CLOSE_DELAY=-1;DB_CLOSE_ON_EXIT=false', username='sa'
2025-11-26 15:37:05 [restartedMain] INFO  e.f.w.s.TalentLinkSOAPUserService - Initializing TalentLink SOAP User Service
2025-11-26 15:37:06 [restartedMain] INFO  e.f.w.s.h.TalentLinkSOAPHandler - SOAP credentials configured for user: EdUHK UAT:prabhu.srinivasan@atalent.com:BO
2025-11-26 15:37:07 [restartedMain] ERROR o.s.d.IncorrectResultSizeDataAccessException - org.springframework.dao.IncorrectResultSizeDataAccessException in eduhk.fhr.web.service.ParameterService.getParameter(ParameterService.java:46): Incorrect result size: expected 1, actual 2
		at eduhk.fhr.web.service.ParameterService.getParameterValue(ParameterService.java:55)
		Userstamp: 
2025-11-26 15:37:07 [restartedMain] WARN  e.f.w.s.TalentLinkSOAPUserService - TALENTLINK_USER_SOAP_URL not configured, using default: https://api3.lumesse-talenthub.com/User/SOAP/User
2025-11-26 15:37:07 [restartedMain] INFO  e.f.w.s.TalentLinkSOAPUserService - TalentLink SOAP User Service initialized successfully
2025-11-26 15:37:07 [restartedMain] INFO  e.fhr.web.mapper.LookupValueResolver - Initializing LOV caches...
2025-11-26 15:37:07 [restartedMain] INFO  e.fhr.web.mapper.LookupValueResolver - LOV caches initialized successfully
2025-11-26 15:37:07 [restartedMain] INFO  e.f.w.s.TalentLinkSOAPCandidateService - Initializing TalentLink SOAP Candidate Service
2025-11-26 15:37:07 [restartedMain] INFO  e.f.w.s.h.TalentLinkSOAPHandler - SOAP credentials configured for user: EdUHK UAT:prabhu.srinivasan@atalent.com:BO
2025-11-26 15:37:08 [restartedMain] INFO  e.f.w.s.TalentLinkSOAPCandidateService - TalentLink SOAP Candidate Service initialized successfully
2025-11-26 15:37:08 [restartedMain] INFO  e.f.w.s.SharePointUploadService - Initializing SharePoint Upload Service
2025-11-26 15:37:08 [restartedMain] INFO  e.f.w.s.SharePointUploadService - SharePoint Upload Service initialized successfully
2025-11-26 15:37:08 [restartedMain] INFO  o.h.validator.internal.util.Version - HV000001: Hibernate Validator 9.0.1.Final
2025-11-26 15:37:08 [restartedMain] INFO  o.s.s.c.a.a.c.InitializeAuthenticationProviderBeanManagerConfigurer$InitializeAuthenticationProviderManagerConfigurer - Global AuthenticationManager configured with AuthenticationProvider bean with name preauthProvider
2025-11-26 15:37:08 [restartedMain] WARN  o.s.s.c.a.a.c.InitializeUserDetailsBeanManagerConfigurer$InitializeUserDetailsManagerConfigurer - Global AuthenticationManager configured with an AuthenticationProvider bean. UserDetailsService beans will not be used by Spring Security for automatically configuring username/password login. Consider removing the AuthenticationProvider bean. Alternatively, consider using the UserDetailsService in a manually instantiated DaoAuthenticationProvider. If the current configuration is intentional, to turn off this warning, increase the logging level of 'org.springframework.security.config.annotation.authentication.configuration.InitializeUserDetailsBeanManagerConfigurer' to ERROR
2025-11-26 15:37:08 [restartedMain] WARN  o.s.s.c.a.web.builders.WebSecurity - You are asking Spring Security to ignore PathPattern [/public/**]. This is not recommended -- please use permitAll via HttpSecurity#authorizeHttpRequests instead.
2025-11-26 15:37:08 [restartedMain] WARN  o.s.s.c.a.web.builders.WebSecurity - You are asking Spring Security to ignore PathPattern [/js/**]. This is not recommended -- please use permitAll via HttpSecurity#authorizeHttpRequests instead.
2025-11-26 15:37:08 [restartedMain] WARN  o.s.s.c.a.web.builders.WebSecurity - You are asking Spring Security to ignore PathPattern [/css/**]. This is not recommended -- please use permitAll via HttpSecurity#authorizeHttpRequests instead.
2025-11-26 15:37:08 [restartedMain] WARN  o.s.s.c.a.web.builders.WebSecurity - You are asking Spring Security to ignore PathPattern [/images/**]. This is not recommended -- please use permitAll via HttpSecurity#authorizeHttpRequests instead.
2025-11-26 15:37:08 [restartedMain] WARN  o.s.s.c.a.web.builders.WebSecurity - You are asking Spring Security to ignore PathPattern [/fonts/**]. This is not recommended -- please use permitAll via HttpSecurity#authorizeHttpRequests instead.
2025-11-26 15:37:08 [restartedMain] INFO  o.a.coyote.http11.Http11NioProtocol - Starting ProtocolHandler ["http-nio-8080"]
2025-11-26 15:37:08 [restartedMain] INFO  o.s.boot.tomcat.TomcatWebServer - Tomcat started on port 8080 (http) with context path '/'
2025-11-26 15:37:08 [restartedMain] INFO  eduhk.fhr.web.config.fhrApplication - Started fhrApplication in 3.79 seconds (process running for 4.011)
2025-11-26 15:37:14 [http-nio-8080-exec-1] INFO  o.a.c.c.C.[Tomcat].[localhost].[/] - Initializing Spring DispatcherServlet 'dispatcherServlet'
2025-11-26 15:37:14 [http-nio-8080-exec-1] INFO  o.s.web.servlet.DispatcherServlet - Initializing Servlet 'dispatcherServlet'
2025-11-26 15:37:14 [http-nio-8080-exec-1] INFO  o.s.web.servlet.DispatcherServlet - Completed initialization in 1 ms
2025-11-26 15:37:14 [http-nio-8080-exec-1] ERROR o.s.d.IncorrectResultSizeDataAccessException - org.springframework.dao.IncorrectResultSizeDataAccessException in eduhk.fhr.web.service.ParameterService.getSsoLogoutUrl(ParameterService.java:22): Incorrect result size: expected 1, actual 2
		at java.base/jdk.internal.reflect.DirectMethodHandleAccessor.invoke(DirectMethodHandleAccessor.java:103)
		Userstamp: 
2025-11-26 15:37:14 [http-nio-8080-exec-2] WARN  o.s.web.servlet.PageNotFound - No mapping for GET /.well-known/appspecific/com.chrome.devtools.json
2025-11-26 15:37:14 [http-nio-8080-exec-2] WARN  o.s.web.servlet.PageNotFound - No endpoint GET /.well-known/appspecific/com.chrome.devtools.json.
2025-11-26 15:37:14 [http-nio-8080-exec-2] ERROR o.s.d.IncorrectResultSizeDataAccessException - org.springframework.dao.IncorrectResultSizeDataAccessException in eduhk.fhr.web.service.ParameterService.getSsoLogoutUrl(ParameterService.java:22): Incorrect result size: expected 1, actual 2
		at java.base/jdk.internal.reflect.DirectMethodHandleAccessor.invoke(DirectMethodHandleAccessor.java:103)
		Userstamp: 
2025-11-26 15:37:14 [http-nio-8080-exec-7] ERROR o.s.d.IncorrectResultSizeDataAccessException - org.springframework.dao.IncorrectResultSizeDataAccessException in eduhk.fhr.web.service.ParameterService.getSsoLogoutUrl(ParameterService.java:22): Incorrect result size: expected 1, actual 2
		at java.base/jdk.internal.reflect.DirectMethodHandleAccessor.invoke(DirectMethodHandleAccessor.java:103)
		Userstamp: 
2025-11-26 15:37:14 [http-nio-8080-exec-4] ERROR o.s.d.IncorrectResultSizeDataAccessException - org.springframework.dao.IncorrectResultSizeDataAccessException in eduhk.fhr.web.service.ParameterService.getSsoLogoutUrl(ParameterService.java:22): Incorrect result size: expected 1, actual 2
		at java.base/jdk.internal.reflect.DirectMethodHandleAccessor.invoke(DirectMethodHandleAccessor.java:103)
		Userstamp: 
2025-11-26 15:37:14 [http-nio-8080-exec-5] WARN  o.s.web.servlet.PageNotFound - No mapping for GET /sm/88e48650a36caa41dd1aa0f1a5ee66247818a496500de85dec44b4e2e87cd438.map
2025-11-26 15:37:14 [http-nio-8080-exec-5] WARN  o.s.web.servlet.PageNotFound - No endpoint GET /sm/88e48650a36caa41dd1aa0f1a5ee66247818a496500de85dec44b4e2e87cd438.map.
2025-11-26 15:37:14 [http-nio-8080-exec-9] ERROR o.s.d.IncorrectResultSizeDataAccessException - org.springframework.dao.IncorrectResultSizeDataAccessException in eduhk.fhr.web.service.ParameterService.getSsoLogoutUrl(ParameterService.java:22): Incorrect result size: expected 1, actual 2
		at java.base/jdk.internal.reflect.DirectMethodHandleAccessor.invoke(DirectMethodHandleAccessor.java:103)
		Userstamp: 
2025-11-26 15:37:14 [http-nio-8080-exec-5] ERROR o.s.d.IncorrectResultSizeDataAccessException - org.springframework.dao.IncorrectResultSizeDataAccessException in eduhk.fhr.web.service.ParameterService.getSsoLogoutUrl(ParameterService.java:22): Incorrect result size: expected 1, actual 2
		at java.base/jdk.internal.reflect.DirectMethodHandleAccessor.invoke(DirectMethodHandleAccessor.java:103)
		Userstamp: 
2025-11-26 15:37:14 [http-nio-8080-exec-10] ERROR o.s.d.IncorrectResultSizeDataAccessException - org.springframework.dao.IncorrectResultSizeDataAccessException in eduhk.fhr.web.service.ParameterService.getSsoLogoutUrl(ParameterService.java:22): Incorrect result size: expected 1, actual 2
		at java.base/jdk.internal.reflect.DirectMethodHandleAccessor.invoke(DirectMethodHandleAccessor.java:103)
		Userstamp: 
2025-11-26 15:37:18 [http-nio-8080-exec-6] ERROR o.s.d.IncorrectResultSizeDataAccessException - org.springframework.dao.IncorrectResultSizeDataAccessException in eduhk.fhr.web.service.ParameterService.getSsoLogoutUrl(ParameterService.java:22): Incorrect result size: expected 1, actual 2
		at java.base/jdk.internal.reflect.DirectMethodHandleAccessor.invoke(DirectMethodHandleAccessor.java:103)
		Userstamp: 
2025-11-26 15:37:19 [http-nio-8080-exec-2] WARN  o.s.web.servlet.PageNotFound - No mapping for GET /.well-known/appspecific/com.chrome.devtools.json
2025-11-26 15:37:19 [http-nio-8080-exec-2] WARN  o.s.web.servlet.PageNotFound - No endpoint GET /.well-known/appspecific/com.chrome.devtools.json.
2025-11-26 15:37:19 [http-nio-8080-exec-2] ERROR o.s.d.IncorrectResultSizeDataAccessException - org.springframework.dao.IncorrectResultSizeDataAccessException in eduhk.fhr.web.service.ParameterService.getSsoLogoutUrl(ParameterService.java:22): Incorrect result size: expected 1, actual 2
		at java.base/jdk.internal.reflect.DirectMethodHandleAccessor.invoke(DirectMethodHandleAccessor.java:103)
		Userstamp: 
2025-11-26 15:37:19 [http-nio-8080-exec-8] ERROR o.s.d.IncorrectResultSizeDataAccessException - org.springframework.dao.IncorrectResultSizeDataAccessException in eduhk.fhr.web.service.ParameterService.getSsoLogoutUrl(ParameterService.java:22): Incorrect result size: expected 1, actual 2
		at java.base/jdk.internal.reflect.DirectMethodHandleAccessor.invoke(DirectMethodHandleAccessor.java:103)
		Userstamp: 
2025-11-26 15:37:19 [http-nio-8080-exec-4] ERROR o.s.d.IncorrectResultSizeDataAccessException - org.springframework.dao.IncorrectResultSizeDataAccessException in eduhk.fhr.web.service.ParameterService.getSsoLogoutUrl(ParameterService.java:22): Incorrect result size: expected 1, actual 2
		at java.base/jdk.internal.reflect.DirectMethodHandleAccessor.invoke(DirectMethodHandleAccessor.java:103)
		Userstamp: 
2025-11-26 15:37:19 [http-nio-8080-exec-3] ERROR o.s.d.IncorrectResultSizeDataAccessException - org.springframework.dao.IncorrectResultSizeDataAccessException in eduhk.fhr.web.service.ParameterService.getSsoLogoutUrl(ParameterService.java:22): Incorrect result size: expected 1, actual 2
		at java.base/jdk.internal.reflect.DirectMethodHandleAccessor.invoke(DirectMethodHandleAccessor.java:103)
		Userstamp: 
2025-11-26 15:37:19 [http-nio-8080-exec-10] WARN  o.s.web.servlet.PageNotFound - No mapping for GET /sm/88e48650a36caa41dd1aa0f1a5ee66247818a496500de85dec44b4e2e87cd438.map
2025-11-26 15:37:19 [http-nio-8080-exec-10] WARN  o.s.web.servlet.PageNotFound - No endpoint GET /sm/88e48650a36caa41dd1aa0f1a5ee66247818a496500de85dec44b4e2e87cd438.map.
2025-11-26 15:37:19 [http-nio-8080-exec-7] ERROR o.s.d.IncorrectResultSizeDataAccessException - org.springframework.dao.IncorrectResultSizeDataAccessException in eduhk.fhr.web.service.ParameterService.getSsoLogoutUrl(ParameterService.java:22): Incorrect result size: expected 1, actual 2
		at java.base/jdk.internal.reflect.DirectMethodHandleAccessor.invoke(DirectMethodHandleAccessor.java:103)
		Userstamp: 
2025-11-26 15:37:19 [http-nio-8080-exec-10] ERROR o.s.d.IncorrectResultSizeDataAccessException - org.springframework.dao.IncorrectResultSizeDataAccessException in eduhk.fhr.web.service.ParameterService.getSsoLogoutUrl(ParameterService.java:22): Incorrect result size: expected 1, actual 2
		at java.base/jdk.internal.reflect.DirectMethodHandleAccessor.invoke(DirectMethodHandleAccessor.java:103)
		Userstamp: 
2025-11-26 15:37:19 [http-nio-8080-exec-5] ERROR o.s.d.IncorrectResultSizeDataAccessException - org.springframework.dao.IncorrectResultSizeDataAccessException in eduhk.fhr.web.service.ParameterService.getSsoLogoutUrl(ParameterService.java:22): Incorrect result size: expected 1, actual 2
		at java.base/jdk.internal.reflect.DirectMethodHandleAccessor.invoke(DirectMethodHandleAccessor.java:103)
		Userstamp: 
2025-11-26 15:37:23 [http-nio-8080-exec-6] ERROR o.s.d.IncorrectResultSizeDataAccessException - org.springframework.dao.IncorrectResultSizeDataAccessException in eduhk.fhr.web.service.ParameterService.getSsoLogoutUrl(ParameterService.java:22): Incorrect result size: expected 1, actual 2
		at java.base/jdk.internal.reflect.DirectMethodHandleAccessor.invoke(DirectMethodHandleAccessor.java:103)
		Userstamp: 
2025-11-26 15:37:23 [http-nio-8080-exec-3] WARN  o.s.web.servlet.PageNotFound - No mapping for GET /.well-known/appspecific/com.chrome.devtools.json
2025-11-26 15:37:23 [http-nio-8080-exec-3] WARN  o.s.web.servlet.PageNotFound - No endpoint GET /.well-known/appspecific/com.chrome.devtools.json.
2025-11-26 15:37:23 [http-nio-8080-exec-3] ERROR o.s.d.IncorrectResultSizeDataAccessException - org.springframework.dao.IncorrectResultSizeDataAccessException in eduhk.fhr.web.service.ParameterService.getSsoLogoutUrl(ParameterService.java:22): Incorrect result size: expected 1, actual 2
		at java.base/jdk.internal.reflect.DirectMethodHandleAccessor.invoke(DirectMethodHandleAccessor.java:103)
		Userstamp: 
2025-11-26 15:37:23 [http-nio-8080-exec-6] ERROR o.s.d.IncorrectResultSizeDataAccessException - org.springframework.dao.IncorrectResultSizeDataAccessException in eduhk.fhr.web.service.ParameterService.getSsoLogoutUrl(ParameterService.java:22): Incorrect result size: expected 1, actual 2
		at java.base/jdk.internal.reflect.DirectMethodHandleAccessor.invoke(DirectMethodHandleAccessor.java:103)
		Userstamp: 
2025-11-26 15:37:23 [http-nio-8080-exec-7] ERROR o.s.d.IncorrectResultSizeDataAccessException - org.springframework.dao.IncorrectResultSizeDataAccessException in eduhk.fhr.web.service.ParameterService.getSsoLogoutUrl(ParameterService.java:22): Incorrect result size: expected 1, actual 2
		at java.base/jdk.internal.reflect.DirectMethodHandleAccessor.invoke(DirectMethodHandleAccessor.java:103)
		Userstamp: 
2025-11-26 15:37:24 [http-nio-8080-exec-1] WARN  o.s.web.servlet.PageNotFound - No mapping for GET /sm/88e48650a36caa41dd1aa0f1a5ee66247818a496500de85dec44b4e2e87cd438.map
2025-11-26 15:37:24 [http-nio-8080-exec-1] WARN  o.s.web.servlet.PageNotFound - No endpoint GET /sm/88e48650a36caa41dd1aa0f1a5ee66247818a496500de85dec44b4e2e87cd438.map.
2025-11-26 15:37:24 [http-nio-8080-exec-1] ERROR o.s.d.IncorrectResultSizeDataAccessException - org.springframework.dao.IncorrectResultSizeDataAccessException in eduhk.fhr.web.service.ParameterService.getSsoLogoutUrl(ParameterService.java:22): Incorrect result size: expected 1, actual 2
		at java.base/jdk.internal.reflect.DirectMethodHandleAccessor.invoke(DirectMethodHandleAccessor.java:103)
		Userstamp: 
2025-11-26 15:37:24 [http-nio-8080-exec-4] ERROR o.s.d.IncorrectResultSizeDataAccessException - org.springframework.dao.IncorrectResultSizeDataAccessException in eduhk.fhr.web.service.ParameterService.getSsoLogoutUrl(ParameterService.java:22): Incorrect result size: expected 1, actual 2
		at java.base/jdk.internal.reflect.DirectMethodHandleAccessor.invoke(DirectMethodHandleAccessor.java:103)
		Userstamp: 
2025-11-26 15:37:24 [http-nio-8080-exec-5] ERROR o.s.d.IncorrectResultSizeDataAccessException - org.springframework.dao.IncorrectResultSizeDataAccessException in eduhk.fhr.web.service.ParameterService.getSsoLogoutUrl(ParameterService.java:22): Incorrect result size: expected 1, actual 2
		at java.base/jdk.internal.reflect.DirectMethodHandleAccessor.invoke(DirectMethodHandleAccessor.java:103)
		Userstamp: 
2025-11-26 15:37:29 [http-nio-8080-exec-9] WARN  o.s.web.servlet.PageNotFound - No mapping for POST /RDPS/admin/user-sync/trigger
2025-11-26 15:37:29 [http-nio-8080-exec-9] WARN  o.s.web.servlet.PageNotFound - No endpoint POST /RDPS/admin/user-sync/trigger.
2025-11-26 15:37:29 [http-nio-8080-exec-9] ERROR o.s.d.IncorrectResultSizeDataAccessException - org.springframework.dao.IncorrectResultSizeDataAccessException in eduhk.fhr.web.service.ParameterService.getSsoLogoutUrl(ParameterService.java:22): Incorrect result size: expected 1, actual 2
		at java.base/jdk.internal.reflect.DirectMethodHandleAccessor.invoke(DirectMethodHandleAccessor.java:103)
		Userstamp: 
2025-11-26 15:37:32 [http-nio-8080-exec-1] ERROR o.s.d.IncorrectResultSizeDataAccessException - org.springframework.dao.IncorrectResultSizeDataAccessException in eduhk.fhr.web.service.ParameterService.getSsoLogoutUrl(ParameterService.java:22): Incorrect result size: expected 1, actual 2
		at java.base/jdk.internal.reflect.DirectMethodHandleAccessor.invoke(DirectMethodHandleAccessor.java:103)
		Userstamp: 
2025-11-26 15:37:32 [http-nio-8080-exec-5] WARN  o.s.web.servlet.PageNotFound - No mapping for GET /.well-known/appspecific/com.chrome.devtools.json
2025-11-26 15:37:32 [http-nio-8080-exec-5] WARN  o.s.web.servlet.PageNotFound - No endpoint GET /.well-known/appspecific/com.chrome.devtools.json.
2025-11-26 15:37:32 [http-nio-8080-exec-5] ERROR o.s.d.IncorrectResultSizeDataAccessException - org.springframework.dao.IncorrectResultSizeDataAccessException in eduhk.fhr.web.service.ParameterService.getSsoLogoutUrl(ParameterService.java:22): Incorrect result size: expected 1, actual 2
		at java.base/jdk.internal.reflect.DirectMethodHandleAccessor.invoke(DirectMethodHandleAccessor.java:103)
		Userstamp: 
2025-11-26 15:37:32 [http-nio-8080-exec-6] ERROR o.s.d.IncorrectResultSizeDataAccessException - org.springframework.dao.IncorrectResultSizeDataAccessException in eduhk.fhr.web.service.ParameterService.getSsoLogoutUrl(ParameterService.java:22): Incorrect result size: expected 1, actual 2
		at java.base/jdk.internal.reflect.DirectMethodHandleAccessor.invoke(DirectMethodHandleAccessor.java:103)
		Userstamp: 
2025-11-26 15:37:32 [http-nio-8080-exec-2] WARN  o.s.web.servlet.PageNotFound - No mapping for GET /sm/88e48650a36caa41dd1aa0f1a5ee66247818a496500de85dec44b4e2e87cd438.map
2025-11-26 15:37:32 [http-nio-8080-exec-2] WARN  o.s.web.servlet.PageNotFound - No endpoint GET /sm/88e48650a36caa41dd1aa0f1a5ee66247818a496500de85dec44b4e2e87cd438.map.
2025-11-26 15:37:32 [http-nio-8080-exec-2] ERROR o.s.d.IncorrectResultSizeDataAccessException - org.springframework.dao.IncorrectResultSizeDataAccessException in eduhk.fhr.web.service.ParameterService.getSsoLogoutUrl(ParameterService.java:22): Incorrect result size: expected 1, actual 2
		at java.base/jdk.internal.reflect.DirectMethodHandleAccessor.invoke(DirectMethodHandleAccessor.java:103)
		Userstamp: 
2025-11-26 15:37:32 [http-nio-8080-exec-8] ERROR o.s.d.IncorrectResultSizeDataAccessException - org.springframework.dao.IncorrectResultSizeDataAccessException in eduhk.fhr.web.service.ParameterService.getSsoLogoutUrl(ParameterService.java:22): Incorrect result size: expected 1, actual 2
		at java.base/jdk.internal.reflect.DirectMethodHandleAccessor.invoke(DirectMethodHandleAccessor.java:103)
		Userstamp: 
2025-11-26 15:37:32 [http-nio-8080-exec-9] ERROR o.s.d.IncorrectResultSizeDataAccessException - org.springframework.dao.IncorrectResultSizeDataAccessException in eduhk.fhr.web.service.ParameterService.getSsoLogoutUrl(ParameterService.java:22): Incorrect result size: expected 1, actual 2
		at java.base/jdk.internal.reflect.DirectMethodHandleAccessor.invoke(DirectMethodHandleAccessor.java:103)
		Userstamp: 
2025-11-26 15:37:32 [http-nio-8080-exec-3] ERROR o.s.d.IncorrectResultSizeDataAccessException - org.springframework.dao.IncorrectResultSizeDataAccessException in eduhk.fhr.web.service.ParameterService.getSsoLogoutUrl(ParameterService.java:22): Incorrect result size: expected 1, actual 2
		at java.base/jdk.internal.reflect.DirectMethodHandleAccessor.invoke(DirectMethodHandleAccessor.java:103)
		Userstamp: 
2025-11-26 15:37:47 [http-nio-8080-exec-2] WARN  o.s.web.servlet.PageNotFound - No mapping for POST /RDPS/admin/user-sync/trigger
2025-11-26 15:37:47 [http-nio-8080-exec-2] WARN  o.s.web.servlet.PageNotFound - No endpoint POST /RDPS/admin/user-sync/trigger.
2025-11-26 15:37:47 [http-nio-8080-exec-2] ERROR o.s.d.IncorrectResultSizeDataAccessException - org.springframework.dao.IncorrectResultSizeDataAccessException in eduhk.fhr.web.service.ParameterService.getSsoLogoutUrl(ParameterService.java:22): Incorrect result size: expected 1, actual 2
		at java.base/jdk.internal.reflect.DirectMethodHandleAccessor.invoke(DirectMethodHandleAccessor.java:103)
		Userstamp: 
2025-11-26 15:37:49 [http-nio-8080-exec-8] ERROR o.s.d.IncorrectResultSizeDataAccessException - org.springframework.dao.IncorrectResultSizeDataAccessException in eduhk.fhr.web.service.ParameterService.getSsoLogoutUrl(ParameterService.java:22): Incorrect result size: expected 1, actual 2
		at java.base/jdk.internal.reflect.DirectMethodHandleAccessor.invoke(DirectMethodHandleAccessor.java:103)
		Userstamp: 
2025-11-26 16:00:00 [scheduling-1] INFO  e.fhr.web.scheduler.ScheduleTask - [syncUsersToTalentLink()] Start
2025-11-26 16:00:00 [scheduling-1] INFO  e.f.w.s.TalentLinkUserSyncService - Starting user sync to TalentLink via SOAP
2025-11-26 16:00:00 [scheduling-1] INFO  e.f.w.s.TalentLinkUserSyncService - Found 0 unsynced users
2025-11-26 16:00:00 [scheduling-1] INFO  e.f.w.s.TalentLinkUserSyncService - No users to sync
2025-11-26 16:00:00 [scheduling-1] INFO  e.fhr.web.scheduler.ScheduleTask - [syncUsersToTalentLink()] - No users to sync
2025-11-26 16:00:00 [scheduling-1] INFO  e.fhr.web.scheduler.ScheduleTask - [syncUsersToTalentLink()] End
2025-11-26 16:34:37 [http-nio-8080-exec-3] ERROR o.s.d.IncorrectResultSizeDataAccessException - org.springframework.dao.IncorrectResultSizeDataAccessException in eduhk.fhr.web.service.ParameterService.getSsoLogoutUrl(ParameterService.java:22): Incorrect result size: expected 1, actual 2
		at java.base/jdk.internal.reflect.DirectMethodHandleAccessor.invoke(DirectMethodHandleAccessor.java:103)
		Userstamp: 
2025-11-26 16:35:45 [http-nio-8080-exec-10] WARN  o.s.web.servlet.PageNotFound - No mapping for GET /RDPS/test/sync-candidate/99
2025-11-26 16:35:45 [http-nio-8080-exec-10] WARN  o.s.web.servlet.PageNotFound - No endpoint GET /RDPS/test/sync-candidate/99.
2025-11-26 16:35:45 [http-nio-8080-exec-10] ERROR o.s.d.IncorrectResultSizeDataAccessException - org.springframework.dao.IncorrectResultSizeDataAccessException in eduhk.fhr.web.service.ParameterService.getSsoLogoutUrl(ParameterService.java:22): Incorrect result size: expected 1, actual 2
		at java.base/jdk.internal.reflect.DirectMethodHandleAccessor.invoke(DirectMethodHandleAccessor.java:103)
		Userstamp: 
2025-11-26 16:35:45 [http-nio-8080-exec-1] WARN  o.s.web.servlet.PageNotFound - No mapping for GET /.well-known/appspecific/com.chrome.devtools.json
2025-11-26 16:35:45 [http-nio-8080-exec-1] WARN  o.s.web.servlet.PageNotFound - No endpoint GET /.well-known/appspecific/com.chrome.devtools.json.
2025-11-26 16:35:45 [http-nio-8080-exec-1] ERROR o.s.d.IncorrectResultSizeDataAccessException - org.springframework.dao.IncorrectResultSizeDataAccessException in eduhk.fhr.web.service.ParameterService.getSsoLogoutUrl(ParameterService.java:22): Incorrect result size: expected 1, actual 2
		at java.base/jdk.internal.reflect.DirectMethodHandleAccessor.invoke(DirectMethodHandleAccessor.java:103)
		Userstamp: 
2025-11-26 16:35:45 [http-nio-8080-exec-6] ERROR o.s.d.IncorrectResultSizeDataAccessException - org.springframework.dao.IncorrectResultSizeDataAccessException in eduhk.fhr.web.service.ParameterService.getSsoLogoutUrl(ParameterService.java:22): Incorrect result size: expected 1, actual 2
		at java.base/jdk.internal.reflect.DirectMethodHandleAccessor.invoke(DirectMethodHandleAccessor.java:103)
		Userstamp: 
2025-11-26 16:35:45 [http-nio-8080-exec-2] ERROR o.s.d.IncorrectResultSizeDataAccessException - org.springframework.dao.IncorrectResultSizeDataAccessException in eduhk.fhr.web.service.ParameterService.getSsoLogoutUrl(ParameterService.java:22): Incorrect result size: expected 1, actual 2
		at java.base/jdk.internal.reflect.DirectMethodHandleAccessor.invoke(DirectMethodHandleAccessor.java:103)
		Userstamp: 
2025-11-26 16:35:45 [http-nio-8080-exec-8] WARN  o.s.web.servlet.PageNotFound - No mapping for GET /sm/88e48650a36caa41dd1aa0f1a5ee66247818a496500de85dec44b4e2e87cd438.map
2025-11-26 16:35:45 [http-nio-8080-exec-8] WARN  o.s.web.servlet.PageNotFound - No endpoint GET /sm/88e48650a36caa41dd1aa0f1a5ee66247818a496500de85dec44b4e2e87cd438.map.
2025-11-26 16:35:45 [http-nio-8080-exec-5] ERROR o.s.d.IncorrectResultSizeDataAccessException - org.springframework.dao.IncorrectResultSizeDataAccessException in eduhk.fhr.web.service.ParameterService.getSsoLogoutUrl(ParameterService.java:22): Incorrect result size: expected 1, actual 2
		at java.base/jdk.internal.reflect.DirectMethodHandleAccessor.invoke(DirectMethodHandleAccessor.java:103)
		Userstamp: 
2025-11-26 16:35:45 [http-nio-8080-exec-8] ERROR o.s.d.IncorrectResultSizeDataAccessException - org.springframework.dao.IncorrectResultSizeDataAccessException in eduhk.fhr.web.service.ParameterService.getSsoLogoutUrl(ParameterService.java:22): Incorrect result size: expected 1, actual 2
		at java.base/jdk.internal.reflect.DirectMethodHandleAccessor.invoke(DirectMethodHandleAccessor.java:103)
		Userstamp: 
2025-11-26 16:35:45 [http-nio-8080-exec-3] ERROR o.s.d.IncorrectResultSizeDataAccessException - org.springframework.dao.IncorrectResultSizeDataAccessException in eduhk.fhr.web.service.ParameterService.getSsoLogoutUrl(ParameterService.java:22): Incorrect result size: expected 1, actual 2
		at java.base/jdk.internal.reflect.DirectMethodHandleAccessor.invoke(DirectMethodHandleAccessor.java:103)
		Userstamp: 
2025-11-26 16:35:59 [http-nio-8080-exec-7] WARN  o.s.web.servlet.PageNotFound - No mapping for GET /RDPS/test/sync-candidate/99
2025-11-26 16:35:59 [http-nio-8080-exec-7] WARN  o.s.web.servlet.PageNotFound - No endpoint GET /RDPS/test/sync-candidate/99.
2025-11-26 16:35:59 [http-nio-8080-exec-7] ERROR o.s.d.IncorrectResultSizeDataAccessException - org.springframework.dao.IncorrectResultSizeDataAccessException in eduhk.fhr.web.service.ParameterService.getSsoLogoutUrl(ParameterService.java:22): Incorrect result size: expected 1, actual 2
		at java.base/jdk.internal.reflect.DirectMethodHandleAccessor.invoke(DirectMethodHandleAccessor.java:103)
		Userstamp: 
2025-11-26 16:35:59 [http-nio-8080-exec-8] WARN  o.s.web.servlet.PageNotFound - No mapping for GET /.well-known/appspecific/com.chrome.devtools.json
2025-11-26 16:35:59 [http-nio-8080-exec-8] WARN  o.s.web.servlet.PageNotFound - No endpoint GET /.well-known/appspecific/com.chrome.devtools.json.
2025-11-26 16:35:59 [http-nio-8080-exec-8] ERROR o.s.d.IncorrectResultSizeDataAccessException - org.springframework.dao.IncorrectResultSizeDataAccessException in eduhk.fhr.web.service.ParameterService.getSsoLogoutUrl(ParameterService.java:22): Incorrect result size: expected 1, actual 2
		at java.base/jdk.internal.reflect.DirectMethodHandleAccessor.invoke(DirectMethodHandleAccessor.java:103)
		Userstamp: 
2025-11-26 16:35:59 [http-nio-8080-exec-5] ERROR o.s.d.IncorrectResultSizeDataAccessException - org.springframework.dao.IncorrectResultSizeDataAccessException in eduhk.fhr.web.service.ParameterService.getSsoLogoutUrl(ParameterService.java:22): Incorrect result size: expected 1, actual 2
		at java.base/jdk.internal.reflect.DirectMethodHandleAccessor.invoke(DirectMethodHandleAccessor.java:103)
		Userstamp: 
2025-11-26 16:35:59 [http-nio-8080-exec-9] WARN  o.s.web.servlet.PageNotFound - No mapping for GET /sm/88e48650a36caa41dd1aa0f1a5ee66247818a496500de85dec44b4e2e87cd438.map
2025-11-26 16:35:59 [http-nio-8080-exec-9] WARN  o.s.web.servlet.PageNotFound - No endpoint GET /sm/88e48650a36caa41dd1aa0f1a5ee66247818a496500de85dec44b4e2e87cd438.map.
2025-11-26 16:35:59 [http-nio-8080-exec-9] ERROR o.s.d.IncorrectResultSizeDataAccessException - org.springframework.dao.IncorrectResultSizeDataAccessException in eduhk.fhr.web.service.ParameterService.getSsoLogoutUrl(ParameterService.java:22): Incorrect result size: expected 1, actual 2
		at java.base/jdk.internal.reflect.DirectMethodHandleAccessor.invoke(DirectMethodHandleAccessor.java:103)
		Userstamp: 
2025-11-26 16:35:59 [http-nio-8080-exec-10] ERROR o.s.d.IncorrectResultSizeDataAccessException - org.springframework.dao.IncorrectResultSizeDataAccessException in eduhk.fhr.web.service.ParameterService.getSsoLogoutUrl(ParameterService.java:22): Incorrect result size: expected 1, actual 2
		at java.base/jdk.internal.reflect.DirectMethodHandleAccessor.invoke(DirectMethodHandleAccessor.java:103)
		Userstamp: 
2025-11-26 16:35:59 [http-nio-8080-exec-3] ERROR o.s.d.IncorrectResultSizeDataAccessException - org.springframework.dao.IncorrectResultSizeDataAccessException in eduhk.fhr.web.service.ParameterService.getSsoLogoutUrl(ParameterService.java:22): Incorrect result size: expected 1, actual 2
		at java.base/jdk.internal.reflect.DirectMethodHandleAccessor.invoke(DirectMethodHandleAccessor.java:103)
		Userstamp: 
2025-11-26 16:36:00 [http-nio-8080-exec-2] ERROR o.s.d.IncorrectResultSizeDataAccessException - org.springframework.dao.IncorrectResultSizeDataAccessException in eduhk.fhr.web.service.ParameterService.getSsoLogoutUrl(ParameterService.java:22): Incorrect result size: expected 1, actual 2
		at java.base/jdk.internal.reflect.DirectMethodHandleAccessor.invoke(DirectMethodHandleAccessor.java:103)
		Userstamp: 
2025-11-26 17:00:00 [scheduling-1] INFO  e.fhr.web.scheduler.ScheduleTask - [syncUsersToTalentLink()] Start
2025-11-26 17:00:00 [scheduling-1] INFO  e.f.w.s.TalentLinkUserSyncService - Starting user sync to TalentLink via SOAP
2025-11-26 17:00:00 [scheduling-1] INFO  e.f.w.s.TalentLinkUserSyncService - Found 0 unsynced users
2025-11-26 17:00:00 [scheduling-1] INFO  e.f.w.s.TalentLinkUserSyncService - No users to sync
2025-11-26 17:00:00 [scheduling-1] INFO  e.fhr.web.scheduler.ScheduleTask - [syncUsersToTalentLink()] - No users to sync
2025-11-26 17:00:00 [scheduling-1] INFO  e.fhr.web.scheduler.ScheduleTask - [syncUsersToTalentLink()] End
2025-11-26 17:32:35 [File Watcher] INFO  o.s.b.d.a.LocalDevToolsAutoConfiguration$RestartingClassPathChangeChangedEventListener - Restarting due to 1 class path change (1 addition, 0 deletions, 0 modifications)
2025-11-26 17:32:35 [Thread-1] INFO  o.s.boot.tomcat.GracefulShutdown - Commencing graceful shutdown. Waiting for active requests to complete
2025-11-26 17:32:35 [tomcat-shutdown] INFO  o.a.coyote.http11.Http11NioProtocol - Pausing ProtocolHandler ["http-nio-8080"]
2025-11-26 17:32:35 [tomcat-shutdown] INFO  o.s.boot.tomcat.GracefulShutdown - Graceful shutdown complete
2025-11-26 17:32:35 [Thread-1] INFO  o.a.coyote.http11.Http11NioProtocol - Stopping ProtocolHandler ["http-nio-8080"]
2025-11-26 17:32:35 [Thread-1] INFO  com.zaxxer.hikari.HikariDataSource - HikariPool-1 - Shutdown initiated...
2025-11-26 17:32:35 [Thread-1] INFO  com.zaxxer.hikari.HikariDataSource - HikariPool-1 - Shutdown completed.
2025-11-26 17:32:35 [Thread-1] INFO  o.s.j.d.e.EmbeddedDatabaseFactory - Shutting down embedded database: url='jdbc:h2:mem:testdb;DB_CLOSE_DELAY=-1;DB_CLOSE_ON_EXIT=false'
